#
# There is insufficient memory for the Java Runtime Environment to continue.
# Native memory allocation (malloc) failed to allocate 401696 bytes for Chunk::new
# Possible reasons:
#   The system is out of physical RAM or swap space
#   In 32 bit mode, the process size limit was hit
# Possible solutions:
#   Reduce memory load on the system
#   Increase physical memory or swap space
#   Check if swap backing store is full
#   Use 64 bit Java on a 64 bit OS
#   Decrease Java heap size (-Xmx/-Xms)
#   Decrease number of Java threads
#   Decrease Java thread stack sizes (-Xss)
#   Set larger code cache with -XX:ReservedCodeCacheSize=
# This output file may be truncated or incomplete.
#
#  Out of Memory Error (allocation.cpp:390), pid=8488, tid=8656
#
# JRE version: Java(TM) SE Runtime Environment (8.0_77-b03) (build 1.8.0_77-b03)
# Java VM: Java HotSpot(TM) 64-Bit Server VM (25.77-b03 mixed mode windows-amd64 compressed oops)
# Failed to write core dump. Minidumps are not enabled by default on client versions of Windows
#

---------------  T H R E A D  ---------------

Current thread (0x0000000014e4e800):  JavaThread "C2 CompilerThread1" daemon [_thread_in_native, id=8656, stack(0x0000000016540000,0x0000000016640000)]

Stack: [0x0000000016540000,0x0000000016640000]
[error occurred during error reporting (printing stack bounds), id 0xc0000005]

Native frames: (J=compiled Java code, j=interpreted, Vv=VM code, C=native code)


Current CompileTask:
C2:   7297 1009       4       com.android.dx.ssa.back.LivenessAnalyzer::handleTailRecursion (94 bytes)


---------------  P R O C E S S  ---------------

Java Threads: ( => current thread )
  0x00000000168be000 JavaThread "pool-1-thread-4" [_thread_blocked, id=7928, stack(0x0000000017140000,0x0000000017240000)]
  0x00000000168bd000 JavaThread "pool-1-thread-3" [_thread_blocked, id=8716, stack(0x0000000017040000,0x0000000017140000)]
  0x00000000168b7800 JavaThread "pool-1-thread-2" [_thread_blocked, id=1988, stack(0x0000000016f40000,0x0000000017040000)]
  0x0000000016890000 JavaThread "pool-2-thread-1" [_thread_blocked, id=6716, stack(0x0000000016e40000,0x0000000016f40000)]
  0x00000000168ab800 JavaThread "pool-1-thread-1" [_thread_blocked, id=6968, stack(0x0000000016d40000,0x0000000016e40000)]
  0x00000000166a6800 JavaThread "Service Thread" daemon [_thread_blocked, id=1180, stack(0x0000000016b40000,0x0000000016c40000)]
  0x000000001667a000 JavaThread "C1 CompilerThread2" daemon [_thread_in_native, id=5152, stack(0x0000000016a40000,0x0000000016b40000)]
=>0x0000000014e4e800 JavaThread "C2 CompilerThread1" daemon [_thread_in_native, id=8656, stack(0x0000000016540000,0x0000000016640000)]
  0x0000000014e4c800 JavaThread "C2 CompilerThread0" daemon [_thread_in_native, id=6892, stack(0x0000000016440000,0x0000000016540000)]
  0x0000000014e4a000 JavaThread "Attach Listener" daemon [_thread_blocked, id=8512, stack(0x0000000016340000,0x0000000016440000)]
  0x0000000014e47000 JavaThread "Signal Dispatcher" daemon [_thread_blocked, id=6604, stack(0x0000000016240000,0x0000000016340000)]
  0x0000000014dea800 JavaThread "Finalizer" daemon [_thread_blocked, id=3208, stack(0x0000000016060000,0x0000000016160000)]
  0x000000000263f000 JavaThread "Reference Handler" daemon [_thread_blocked, id=4016, stack(0x0000000015f60000,0x0000000016060000)]
  0x0000000002550800 JavaThread "main" [_thread_in_Java, id=796, stack(0x0000000002380000,0x0000000002480000)]

Other Threads:
  0x0000000014dc7800 VMThread [stack: 0x0000000015e60000,0x0000000015f60000] [id=1808]
  0x00000000166d5800 WatcherThread [stack: 0x0000000016c40000,0x0000000016d40000] [id=4220]

VM state:not at safepoint (normal execution)

VM Mutex/Monitor currently owned by a thread: None

Heap:
 PSYoungGen      total 18944K, used 5066K [0x00000000eab00000, 0x00000000ec000000, 0x0000000100000000)
  eden space 16384K, 15% used [0x00000000eab00000,0x00000000ead76ba8,0x00000000ebb00000)
  from space 2560K, 99% used [0x00000000ebb00000,0x00000000ebd7c028,0x00000000ebd80000)
  to   space 2560K, 0% used [0x00000000ebd80000,0x00000000ebd80000,0x00000000ec000000)
 ParOldGen       total 44032K, used 6849K [0x00000000c0000000, 0x00000000c2b00000, 0x00000000eab00000)
  object space 44032K, 15% used [0x00000000c0000000,0x00000000c06b0668,0x00000000c2b00000)
 Metaspace       used 6081K, capacity 6966K, committed 7040K, reserved 1056768K
  class space    used 607K, capacity 622K, committed 640K, reserved 1048576K

Card table byte_map: [0x0000000011af0000,0x0000000011d00000] byte_map_base: 0x00000000114f0000

Marking Bits: (ParMarkBitMap*) 0x0000000068800600
 Begin Bits: [0x0000000012260000, 0x0000000013260000)
 End Bits:   [0x0000000013260000, 0x0000000014260000)

Polling page: 0x0000000000bb0000

CodeCache: size=245760Kb used=4299Kb max_used=4311Kb free=241460Kb
 bounds [0x0000000002730000, 0x0000000002b70000, 0x0000000011730000]
 total_blobs=1374 nmethods=1104 adapters=182
 compilation: enabled

Compilation events (10 events):
Event: 6.605 Thread 0x000000001667a000 nmethod 1044 0x0000000002b35ed0 code [0x0000000002b36100, 0x0000000002b36d18]
Event: 6.605 Thread 0x000000001667a000 1046       3       java.util.HashMap::afterNodeAccess (1 bytes)
Event: 6.606 Thread 0x000000001667a000 nmethod 1046 0x0000000002b35bd0 code [0x0000000002b35d20, 0x0000000002b35e70]
Event: 6.606 Thread 0x000000001667a000 1047       3       com.android.dx.ssa.ConstCollector::getConstsSortedByCountUse (386 bytes)
Event: 6.613 Thread 0x000000001667a000 nmethod 1047 0x0000000002b381d0 code [0x0000000002b387c0, 0x0000000002b3cd08]
Event: 6.613 Thread 0x000000001667a000 1051       1       com.android.dx.rop.code.Insn$BaseVisitor::visitPlainInsn (1 bytes)
Event: 6.613 Thread 0x000000001667a000 nmethod 1051 0x0000000002b35910 code [0x0000000002b35a60, 0x0000000002b35b70]
Event: 6.613 Thread 0x000000001667a000 1050       3       com.android.dx.ssa.SsaMethod::mapRegisters (87 bytes)
Event: 6.617 Thread 0x000000001667a000 

Event: 6.624 Thread 0x0000000014e4c800 


GC Heap History (4 events):
Event: 6.311 GC heap before
{Heap before GC invocations=1 (full 0):
 PSYoungGen      total 18944K, used 16384K [0x00000000eab00000, 0x00000000ec000000, 0x0000000100000000)
  eden space 16384K, 100% used [0x00000000eab00000,0x00000000ebb00000,0x00000000ebb00000)
  from space 2560K, 0% used [0x00000000ebd80000,0x00000000ebd80000,0x00000000ec000000)
  to   space 2560K, 0% used [0x00000000ebb00000,0x00000000ebb00000,0x00000000ebd80000)
 ParOldGen       total 44032K, used 0K [0x00000000c0000000, 0x00000000c2b00000, 0x00000000eab00000)
  object space 44032K, 0% used [0x00000000c0000000,0x00000000c0000000,0x00000000c2b00000)
 Metaspace       used 5867K, capacity 6774K, committed 7040K, reserved 1056768K
  class space    used 603K, capacity 622K, committed 640K, reserved 1048576K
Event: 6.406 GC heap after
Heap after GC invocations=1 (full 0):
 PSYoungGen      total 18944K, used 2538K [0x00000000eab00000, 0x00000000ec000000, 0x0000000100000000)
  eden space 16384K, 0% used [0x00000000eab00000,0x00000000eab00000,0x00000000ebb00000)
  from space 2560K, 99% used [0x00000000ebb00000,0x00000000ebd7aaa8,0x00000000ebd80000)
  to   space 2560K, 0% used [0x00000000ebd80000,0x00000000ebd80000,0x00000000ec000000)
 ParOldGen       total 44032K, used 1650K [0x00000000c0000000, 0x00000000c2b00000, 0x00000000eab00000)
  object space 44032K, 3% used [0x00000000c0000000,0x00000000c019c8d8,0x00000000c2b00000)
 Metaspace       used 5867K, capacity 6774K, committed 7040K, reserved 1056768K
  class space    used 603K, capacity 622K, committed 640K, reserved 1048576K
}
Event: 6.822 GC heap before
{Heap before GC invocations=2 (full 0):
 PSYoungGen      total 18944K, used 18922K [0x00000000eab00000, 0x00000000ec000000, 0x0000000100000000)
  eden space 16384K, 100% used [0x00000000eab00000,0x00000000ebb00000,0x00000000ebb00000)
  from space 2560K, 99% used [0x00000000ebb00000,0x00000000ebd7aaa8,0x00000000ebd80000)
  to   space 2560K, 0% used [0x00000000ebd80000,0x00000000ebd80000,0x00000000ec000000)
 ParOldGen       total 44032K, used 1650K [0x00000000c0000000, 0x00000000c2b00000, 0x00000000eab00000)
  object space 44032K, 3% used [0x00000000c0000000,0x00000000c019c8d8,0x00000000c2b00000)
 Metaspace       used 5988K, capacity 6838K, committed 7040K, reserved 1056768K
  class space    used 605K, capacity 622K, committed 640K, reserved 1048576K
Event: 6.864 GC heap after
Heap after GC invocations=2 (full 0):
 PSYoungGen      total 18944K, used 2544K [0x00000000eab00000, 0x00000000ec000000, 0x0000000100000000)
  eden space 16384K, 0% used [0x00000000eab00000,0x00000000eab00000,0x00000000ebb00000)
  from space 2560K, 99% used [0x00000000ebd80000,0x00000000ebffc038,0x00000000ec000000)
  to   space 2560K, 0% used [0x00000000ebb00000,0x00000000ebb00000,0x00000000ebd80000)
 ParOldGen       total 44032K, used 4246K [0x00000000c0000000, 0x00000000c2b00000, 0x00000000eab00000)
  object space 44032K, 9% used [0x00000000c0000000,0x00000000c0425b38,0x00000000c2b00000)
 Metaspace       used 5988K, capacity 6838K, committed 7040K, reserved 1056768K
  class space    used 605K, capacity 622K, committed 640K, reserved 1048576K
}

Deoptimization events (10 events):
Event: 6.554 Thread 0x00000000168ab800 Uncommon trap: reason=unstable_if action=reinterpret pc=0x0000000002af409c method=com.android.dx.rop.cst.Constant.compareTo(Lcom/android/dx/rop/cst/Constant;)I @ 12
Event: 6.629 Thread 0x00000000168b7800 Uncommon trap: reason=null_check action=make_not_entrant pc=0x0000000002a280e8 method=com.android.dx.rop.type.Type.equals(Ljava/lang/Object;)Z @ 8
Event: 6.659 Thread 0x00000000168be000 Uncommon trap: reason=bimorphic action=maybe_recompile pc=0x0000000002979eac method=java.util.HashMap.getNode(ILjava/lang/Object;)Ljava/util/HashMap$Node; @ 126
Event: 6.662 Thread 0x00000000168be000 Uncommon trap: reason=unstable_if action=reinterpret pc=0x0000000002ad69ac method=com.android.dx.rop.code.RegisterSpecSet.put(Lcom/android/dx/rop/code/RegisterSpec;)V @ 77
Event: 6.662 Thread 0x00000000168be000 Uncommon trap: reason=unstable_if action=reinterpret pc=0x0000000002af8260 method=com.android.dx.rop.code.RegisterSpecSet.put(Lcom/android/dx/rop/code/RegisterSpec;)V @ 77
Event: 6.664 Thread 0x00000000168be000 Uncommon trap: reason=bimorphic action=maybe_recompile pc=0x0000000002979eac method=java.util.HashMap.getNode(ILjava/lang/Object;)Ljava/util/HashMap$Node; @ 126
Event: 6.664 Thread 0x00000000168be000 Uncommon trap: reason=bimorphic action=maybe_recompile pc=0x0000000002979eac method=java.util.HashMap.getNode(ILjava/lang/Object;)Ljava/util/HashMap$Node; @ 126
Event: 6.664 Thread 0x00000000168be000 Uncommon trap: reason=bimorphic action=maybe_recompile pc=0x0000000002979eac method=java.util.HashMap.getNode(ILjava/lang/Object;)Ljava/util/HashMap$Node; @ 126
Event: 6.664 Thread 0x00000000168be000 Uncommon trap: reason=bimorphic action=maybe_recompile pc=0x00000000029dde5c method=java.util.HashMap.getNode(ILjava/lang/Object;)Ljava/util/HashMap$Node; @ 126
Event: 6.743 Thread 0x00000000168b7800 Uncommon trap: reason=unstable_if action=reinterpret pc=0x0000000002a6c83c method=com.android.dx.rop.code.RegisterSpec.equals(ILcom/android/dx/rop/type/TypeBearer;Lcom/android/dx/rop/code/LocalItem;)Z @ 42

Internal exceptions (3 events):
Event: 3.789 Thread 0x0000000002550800 Exception <a 'java/lang/NoSuchMethodError': Method sun.misc.Unsafe.defineClass(Ljava/lang/String;[BII)Ljava/lang/Class; name or signature does not match> (0x00000000eab07cc0) thrown at [D:\re\workspace\8-2-build-windows-amd64-cygwin\jdk8u77\6540\hotspot\srV
Event: 3.789 Thread 0x0000000002550800 Exception <a 'java/lang/NoSuchMethodError': Method sun.misc.Unsafe.prefetchRead(Ljava/lang/Object;J)V name or signature does not match> (0x00000000eab07fa8) thrown at [D:\re\workspace\8-2-build-windows-amd64-cygwin\jdk8u77\6540\hotspot\src\share\vm\prims\jPkñÕN„@
Event: 6.629 Thread 0x00000000168b7800 Implicit null exception at 0x0000000002a27fe2 to 0x0000000002a280da

Events (10 events):
Event: 6.664 Thread 0x00000000168be000 DEOPT PACKING pc=0x0000000002979eac sp=0x000000001723e7e0
Event: 6.664 Thread 0x00000000168be000 DEOPT UNPACKING pc=0x000000000277582a sp=0x000000001723e750 mode 2
Event: 6.664 Thread 0x00000000168be000 Uncommon trap: trap_request=0xffffffc6 fr.pc=0x00000000029dde5c
Event: 6.664 Thread 0x00000000168be000 DEOPT PACKING pc=0x00000000029dde5c sp=0x000000001723e4d0
Event: 6.664 Thread 0x00000000168be000 DEOPT UNPACKING pc=0x000000000277582a sp=0x000000001723e3f8 mode 2
Event: 6.743 Thread 0x00000000168b7800 Uncommon trap: trap_request=0xffffff65 fr.pc=0x0000000002a6c83c
Event: 6.743 Thread 0x00000000168b7800 DEOPT PACKING pc=0x0000000002a6c83c sp=0x000000001703e8f0
Event: 6.743 Thread 0x00000000168b7800 DEOPT UNPACKING pc=0x000000000277582a sp=0x000000001703e878 mode 2
Event: 6.751 Executing VM operation: ParallelGCFailedAllocation
Event: 6.864 Executing VM operation: ParallelGCFailedAllocation done


Dynamic libraries:
0x00007ff6c5c50000 - 0x00007ff6c5c87000 	C:\Program Files\Java\jdk1.8.0_77\bin\java.exe
0x00007ffde11a0000 - 0x00007ffde134d000 	C:\Windows\SYSTEM32\ntdll.dll
0x00007ffde0560000 - 0x00007ffde069e000 	C:\Windows\system32\KERNEL32.DLL
0x00007ffdde3a0000 - 0x00007ffdde4b5000 	C:\Windows\system32\KERNELBASE.dll
0x00007ffddce80000 - 0x00007ffddcf0e000 	C:\Windows\system32\apphelp.dll
0x00007ffdcfe90000 - 0x00007ffdcfee3000 	C:\Windows\AppPatch\AppPatch64\AcGenral.DLL
0x00007ffde0430000 - 0x00007ffde04da000 	C:\Windows\system32\msvcrt.dll
0x00007ffdde6a0000 - 0x00007ffdde6ce000 	C:\Windows\system32\SspiCli.dll
0x00007ffde06b0000 - 0x00007ffde0704000 	C:\Windows\system32\SHLWAPI.dll
0x00007ffde09a0000 - 0x00007ffde0b17000 	C:\Windows\system32\USER32.dll
0x00007ffde00e0000 - 0x00007ffde0274000 	C:\Windows\system32\ole32.dll
0x00007ffdde830000 - 0x00007ffddfd5a000 	C:\Windows\system32\SHELL32.dll
0x00007ffddd8a0000 - 0x00007ffddd8c1000 	C:\Windows\SYSTEM32\USERENV.dll
0x00007ffde0ed0000 - 0x00007ffde0f7a000 	C:\Windows\system32\ADVAPI32.dll
0x00007ffdceb70000 - 0x00007ffdceb8e000 	C:\Windows\SYSTEM32\MPR.dll
0x00007ffddfeb0000 - 0x00007ffddfff0000 	C:\Windows\system32\RPCRT4.dll
0x00007ffde0500000 - 0x00007ffde0559000 	C:\Windows\SYSTEM32\sechost.dll
0x00007ffde0f80000 - 0x00007ffde1191000 	C:\Windows\SYSTEM32\combase.dll
0x00007ffddfd60000 - 0x00007ffddfeb0000 	C:\Windows\system32\GDI32.dll
0x00007ffdde2d0000 - 0x00007ffdde2e5000 	C:\Windows\SYSTEM32\profapi.dll
0x00007ffddc850000 - 0x00007ffddc902000 	C:\Windows\SYSTEM32\SHCORE.dll
0x00007ffde0960000 - 0x00007ffde0996000 	C:\Windows\system32\IMM32.DLL
0x00007ffde0d70000 - 0x00007ffde0ec2000 	C:\Windows\system32\MSCTF.dll
0x00007ffddc3c0000 - 0x00007ffddc63b000 	C:\Windows\WinSxS\amd64_microsoft.windows.common-controls_6595b64144ccf1df_6.0.9600.18006_none_623f33d3ecbe86e8\COMCTL32.dll
0x0000000067b00000 - 0x0000000067bd2000 	C:\Program Files\Java\jdk1.8.0_77\jre\bin\msvcr100.dll
0x0000000067ff0000 - 0x0000000068880000 	C:\Program Files\Java\jdk1.8.0_77\jre\bin\server\jvm.dll
0x00007ffdd4f50000 - 0x00007ffdd4f59000 	C:\Windows\SYSTEM32\WSOCK32.dll
0x00007ffddbea0000 - 0x00007ffddbec2000 	C:\Windows\SYSTEM32\WINMM.dll
0x00007ffddc670000 - 0x00007ffddc67a000 	C:\Windows\SYSTEM32\VERSION.dll
0x00007ffde06a0000 - 0x00007ffde06a7000 	C:\Windows\system32\PSAPI.DLL
0x00007ffde0b80000 - 0x00007ffde0bda000 	C:\Windows\system32\WS2_32.dll
0x00007ffddbe30000 - 0x00007ffddbe5a000 	C:\Windows\SYSTEM32\WINMMBASE.dll
0x00007ffde0000000 - 0x00007ffde0009000 	C:\Windows\system32\NSI.dll
0x00007ffdde7e0000 - 0x00007ffdde82f000 	C:\Windows\SYSTEM32\cfgmgr32.dll
0x00007ffddd100000 - 0x00007ffddd128000 	C:\Windows\SYSTEM32\DEVOBJ.dll
0x0000000068bf0000 - 0x0000000068bff000 	C:\Program Files\Java\jdk1.8.0_77\jre\bin\verify.dll
0x0000000068bc0000 - 0x0000000068be9000 	C:\Program Files\Java\jdk1.8.0_77\jre\bin\java.dll
0x0000000068ba0000 - 0x0000000068bb6000 	C:\Program Files\Java\jdk1.8.0_77\jre\bin\zip.dll

VM Arguments:
jvm_args: -Djava.awt.headless=true -Xmx1024M -Dfile.encoding=x-windows-874 -Duser.country=US -Duser.language=en -Duser.variant 
java_command: com.android.dx.command.Main --dex --num-threads=4 --output C:\Users\Ao\Desktop\aaaaaaaaaaa\Samnaun\app\build\intermediates\pre-dexed\debug\com.android.support-recyclerview-v7-23.2.1_796c5092ed470d53f5ff67b48ab55e5c10a56b47.jar C:\Users\Ao\Desktop\aaaaaaaaaaa\Samnaun\app\build\intermediates\exploded-aar\com.android.support\recyclerview-v7\23.2.1\jars\classes.jar
java_class_path (initial): C:\Users\Ao\AppData\Local\Android\sdk\build-tools\23.0.3\lib\dx.jar
Launcher Type: SUN_STANDARD

Environment Variables:
CLASSPATH=.;C:\Program Files (x86)\Java\jre1.8.0_73\lib\ext\QTJava.zip;C:\Program Files\Common Files\Intel\WirelessCommon\;C:\Program Files\Android\Android Studio\bin;E:\Program\eclipes
PATH=C:\Windows\System32;C:\Program Files\Intel\WiFi\bin\;C:\Program Files\Common Files\Intel\WirelessCommon\;C:\Program Files\Android\Android Studio\bin;C:\Program Files\Java\jdk1.8.0_77\bin;C:\Program Files\MongoDB\Server\3.2\bin
USERNAME=Ao
OS=Windows_NT
PROCESSOR_IDENTIFIER=Intel64 Family 6 Model 69 Stepping 1, GenuineIntel



---------------  S Y S T E M  ---------------

OS: Windows 8.1 , 64 bit Build 9600 (6.3.9600.17415)

CPU:total 4 (2 cores per cpu, 2 threads per core) family 6 model 69 stepping 1, cmov, cx8, fxsr, mmx, sse, sse2, sse3, ssse3, sse4.1, sse4.2, popcnt, avx, avx2, aes, clmul, erms, lzcnt, ht, tsc, tscinvbit, bmi1, bmi2

Memory: 4k page, physical 4108572k(198748k free), swap 7254300k(7348k free)

vm_info: Java HotSpot(TM) 64-Bit Server VM (25.77-b03) for windows-amd64 JRE (1.8.0_77-b03), built on Mar 20 2016 22:01:33 by "java_re" with MS VC++ 10.0 (VS2010)

time: Thu May 19 14:45:07 2016
elapsed time: 8 seconds (0d 0h 0m 8s)

