#
# There is insufficient memory for the Java Runtime Environment to continue.
# Native memory allocation (malloc) failed to allocate 1048576 bytes for AllocateHeap
# Possible reasons:
#   The system is out of physical RAM or swap space
#   In 32 bit mode, the process size limit was hit
# Possible solutions:
#   Reduce memory load on the system
#   Increase physical memory or swap space
#   Check if swap backing store is full
#   Use 64 bit Java on a 64 bit OS
#   Decrease Java heap size (-Xmx/-Xms)
#   Decrease number of Java threads
#   Decrease Java thread stack sizes (-Xss)
#   Set larger code cache with -XX:ReservedCodeCacheSize=
# This output file may be truncated or incomplete.
#
#  Out of Memory Error (memory/allocation.inline.hpp:61), pid=8908, tid=6576
#
# JRE version:  (8.0_77-b03) (build )
# Java VM: Java HotSpot(TM) 64-Bit Server VM (25.77-b03 mixed mode windows-amd64 compressed oops)
# Failed to write core dump. Minidumps are not enabled by default on client versions of Windows
#

---------------  T H R E A D  ---------------

Current thread (0x0000000002c00800):  JavaThread "Unknown thread" [_thread_in_vm, id=6576, stack(0x0000000002b00000,0x0000000002c00000)]

Stack: [0x0000000002b00000,0x0000000002c00000]
[error occurred during error reporting (printing stack bounds), id 0xc0000005]

Native frames: (J=compiled Java code, j=interpreted, Vv=VM code, C=native code)


---------------  P R O C E S S  ---------------

Java Threads: ( => current thread )

Other Threads:

=>0x0000000002c00800 (exited) JavaThread "Unknown thread" [_thread_in_vm, id=6576, stack(0x0000000002b00000,0x0000000002c00000)]

VM state:not at safepoint (normal execution)

VM Mutex/Monitor currently owned by a thread: None

Heap:
 PSYoungGen      total 18944K, used 327K [0x00000000eab00000, 0x00000000ec000000, 0x0000000100000000)
  eden space 16384K, 2% used [0x00000000eab00000,0x00000000eab51ec8,0x00000000ebb00000)
  from space 2560K, 0% used [0x00000000ebd80000,0x00000000ebd80000,0x00000000ec000000)
  to   space 2560K, 0% used [0x00000000ebb00000,0x00000000ebb00000,0x00000000ebd80000)
 ParOldGen       total 44032K, used 0K [0x00000000c0000000, 0x00000000c2b00000, 0x00000000eab00000)
  object space 44032K, 0% used [0x00000000c0000000,0x00000000c0000000,0x00000000c2b00000)
 Metaspace       used 769K, capacity 4480K, committed 4480K, reserved 1056768K
  class space    used 75K, capacity 384K, committed 384K, reserved 1048576K

Card table byte_map: [0x00000000120c0000,0x00000000122d0000] byte_map_base: 0x0000000011ac0000

Marking Bits: (ParMarkBitMap*) 0x0000000068800600
 Begin Bits: [0x0000000012830000, 0x0000000013830000)
 End Bits:   [0x0000000013830000, 0x0000000014830000)

Polling page: 0x00000000012d0000

CodeCache: size=245760Kb used=328Kb max_used=328Kb free=245431Kb
 bounds [0x0000000002d00000, 0x0000000002f70000, 0x0000000011d00000]
 total_blobs=58 nmethods=0 adapters=38
 compilation: enabled

Compilation events (0 events):
No events

GC Heap History (0 events):
No events

Deoptimization events (0 events):
No events

Internal exceptions (0 events):
No events

Events (10 events):
Event: 0.304 loading class java/lang/Short
Event: 0.304 loading class java/lang/Short done
Event: 0.304 loading class java/lang/Integer
Event: 0.305 loading class java/lang/Integer done
Event: 0.305 loading class java/lang/Long
Event: 0.305 loading class java/lang/Long done
Event: 0.306 loading class java/lang/NullPointerException
Event: 0.306 loading class java/lang/NullPointerException done
Event: 0.306 loading class java/lang/ArithmeticException
Event: 0.306 loading class java/lang/ArithmeticException done


Dynamic libraries:
0x00007ff6c5c50000 - 0x00007ff6c5c87000 	C:\Program Files\Java\jdk1.8.0_77\bin\java.exe
0x00007ffde11a0000 - 0x00007ffde134d000 	C:\Windows\SYSTEM32\ntdll.dll
0x00007ffde0560000 - 0x00007ffde069e000 	C:\Windows\system32\KERNEL32.DLL
0x00007ffdde3a0000 - 0x00007ffdde4b5000 	C:\Windows\system32\KERNELBASE.dll
0x00007ffddce80000 - 0x00007ffddcf0e000 	C:\Windows\system32\apphelp.dll
0x00007ffdcfe90000 - 0x00007ffdcfee3000 	C:\Windows\AppPatch\AppPatch64\AcGenral.DLL
0x00007ffde0430000 - 0x00007ffde04da000 	C:\Windows\system32\msvcrt.dll
0x00007ffdde6a0000 - 0x00007ffdde6ce000 	C:\Windows\system32\SspiCli.dll
0x00007ffde06b0000 - 0x00007ffde0704000 	C:\Windows\system32\SHLWAPI.dll
0x00007ffde09a0000 - 0x00007ffde0b17000 	C:\Windows\system32\USER32.dll
0x00007ffde00e0000 - 0x00007ffde0274000 	C:\Windows\system32\ole32.dll
0x00007ffdde830000 - 0x00007ffddfd5a000 	C:\Windows\system32\SHELL32.dll
0x00007ffddd8a0000 - 0x00007ffddd8c1000 	C:\Windows\SYSTEM32\USERENV.dll
0x00007ffde0ed0000 - 0x00007ffde0f7a000 	C:\Windows\system32\ADVAPI32.dll
0x00007ffdceb70000 - 0x00007ffdceb8e000 	C:\Windows\SYSTEM32\MPR.dll
0x00007ffddfeb0000 - 0x00007ffddfff0000 	C:\Windows\system32\RPCRT4.dll
0x00007ffde0500000 - 0x00007ffde0559000 	C:\Windows\SYSTEM32\sechost.dll
0x00007ffde0f80000 - 0x00007ffde1191000 	C:\Windows\SYSTEM32\combase.dll
0x00007ffddfd60000 - 0x00007ffddfeb0000 	C:\Windows\system32\GDI32.dll
0x00007ffdde2d0000 - 0x00007ffdde2e5000 	C:\Windows\SYSTEM32\profapi.dll
0x00007ffddc850000 - 0x00007ffddc902000 	C:\Windows\SYSTEM32\SHCORE.dll
0x00007ffde0960000 - 0x00007ffde0996000 	C:\Windows\system32\IMM32.DLL
0x00007ffde0d70000 - 0x00007ffde0ec2000 	C:\Windows\system32\MSCTF.dll
0x00007ffddc3c0000 - 0x00007ffddc63b000 	C:\Windows\WinSxS\amd64_microsoft.windows.common-controls_6595b64144ccf1df_6.0.9600.18006_none_623f33d3ecbe86e8\COMCTL32.dll
0x0000000067b00000 - 0x0000000067bd2000 	C:\Program Files\Java\jdk1.8.0_77\jre\bin\msvcr100.dll
0x0000000067ff0000 - 0x0000000068880000 	C:\Program Files\Java\jdk1.8.0_77\jre\bin\server\jvm.dll
0x00007ffdd4f50000 - 0x00007ffdd4f59000 	C:\Windows\SYSTEM32\WSOCK32.dll
0x00007ffddbea0000 - 0x00007ffddbec2000 	C:\Windows\SYSTEM32\WINMM.dll
0x00007ffddc670000 - 0x00007ffddc67a000 	C:\Windows\SYSTEM32\VERSION.dll
0x00007ffde06a0000 - 0x00007ffde06a7000 	C:\Windows\system32\PSAPI.DLL
0x00007ffde0b80000 - 0x00007ffde0bda000 	C:\Windows\system32\WS2_32.dll
0x00007ffddbe30000 - 0x00007ffddbe5a000 	C:\Windows\SYSTEM32\WINMMBASE.dll
0x00007ffde0000000 - 0x00007ffde0009000 	C:\Windows\system32\NSI.dll
0x00007ffdde7e0000 - 0x00007ffdde82f000 	C:\Windows\SYSTEM32\cfgmgr32.dll
0x00007ffddd100000 - 0x00007ffddd128000 	C:\Windows\SYSTEM32\DEVOBJ.dll
0x0000000068bf0000 - 0x0000000068bff000 	C:\Program Files\Java\jdk1.8.0_77\jre\bin\verify.dll
0x0000000068bc0000 - 0x0000000068be9000 	C:\Program Files\Java\jdk1.8.0_77\jre\bin\java.dll
0x0000000068ba0000 - 0x0000000068bb6000 	C:\Program Files\Java\jdk1.8.0_77\jre\bin\zip.dll

VM Arguments:
jvm_args: -Djava.awt.headless=true -Xmx1024M -Dfile.encoding=x-windows-874 -Duser.country=US -Duser.language=en -Duser.variant 
java_command: com.android.dx.command.Main --dex --num-threads=4 --output C:\Users\Ao\Desktop\aaaaaaaaaaa\Samnaun\app\build\intermediates\pre-dexed\debug\debug_9bf5ac86b8130b357681dc39ad5d71f3ee533ed1.jar C:\Users\Ao\Desktop\aaaaaaaaaaa\Samnaun\app\build\intermediates\classes\debug
java_class_path (initial): C:\Users\Ao\AppData\Local\Android\sdk\build-tools\23.0.3\lib\dx.jar
Launcher Type: SUN_STANDARD

Environment Variables:
CLASSPATH=.;C:\Program Files (x86)\Java\jre1.8.0_73\lib\ext\QTJava.zip;C:\Program Files\Common Files\Intel\WirelessCommon\;C:\Program Files\Android\Android Studio\bin;E:\Program\eclipes
PATH=C:\Windows\System32;C:\Program Files\Intel\WiFi\bin\;C:\Program Files\Common Files\Intel\WirelessCommon\;C:\Program Files\Android\Android Studio\bin;C:\Program Files\Java\jdk1.8.0_77\bin;C:\Program Files\MongoDB\Server\3.2\bin
USERNAME=Ao
OS=Windows_NT
PROCESSOR_IDENTIFIER=Intel64 Family 6 Model 69 Stepping 1, GenuineIntel



---------------  S Y S T E M  ---------------

OS: Windows 8.1 , 64 bit Build 9600 (6.3.9600.17415)

CPU:total 4 (2 cores per cpu, 2 threads per core) family 6 model 69 stepping 1, cmov, cx8, fxsr, mmx, sse, sse2, sse3, ssse3, sse4.1, sse4.2, popcnt, avx, avx2, aes, clmul, erms, lzcnt, ht, tsc, tscinvbit, bmi1, bmi2

Memory: 4k page, physical 4108572k(211564k free), swap 7254300k(5464k free)

vm_info: Java HotSpot(TM) 64-Bit Server VM (25.77-b03) for windows-amd64 JRE (1.8.0_77-b03), built on Mar 20 2016 22:01:33 by "java_re" with MS VC++ 10.0 (VS2010)

time: Thu May 19 14:45:08 2016
elapsed time: 0 seconds (0d 0h 0m 0s)

