#
# There is insufficient memory for the Java Runtime Environment to continue.
# Native memory allocation (malloc) failed to allocate 32744 bytes for ChunkPool::allocate
# Possible reasons:
#   The system is out of physical RAM or swap space
#   In 32 bit mode, the process size limit was hit
# Possible solutions:
#   Reduce memory load on the system
#   Increase physical memory or swap space
#   Check if swap backing store is full
#   Use 64 bit Java on a 64 bit OS
#   Decrease Java heap size (-Xmx/-Xms)
#   Decrease number of Java threads
#   Decrease Java thread stack sizes (-Xss)
#   Set larger code cache with -XX:ReservedCodeCacheSize=
# This output file may be truncated or incomplete.
#
#  Out of Memory Error (allocation.cpp:273), pid=4208, tid=4176
#
# JRE version: Java(TM) SE Runtime Environment (8.0_77-b03) (build 1.8.0_77-b03)
# Java VM: Java HotSpot(TM) 64-Bit Server VM (25.77-b03 mixed mode windows-amd64 compressed oops)
# Failed to write core dump. Minidumps are not enabled by default on client versions of Windows
#

---------------  T H R E A D  ---------------

Current thread (0x0000000016119800):  JavaThread "C1 CompilerThread2" daemon [_thread_in_native, id=4176, stack(0x00000000165d0000,0x00000000166d0000)]

Stack: [0x00000000165d0000,0x00000000166d0000]
[error occurred during error reporting (printing stack bounds), id 0xc0000005]

Native frames: (J=compiled Java code, j=interpreted, Vv=VM code, C=native code)


Current CompileTask:
C1:   5901  654   !   3       com.android.dx.cf.code.BytecodeArray::parseInstruction (2764 bytes)


---------------  P R O C E S S  ---------------

Java Threads: ( => current thread )
  0x000000001635c800 JavaThread "pool-1-thread-4" [_thread_in_vm, id=1924, stack(0x0000000016cd0000,0x0000000016dd0000)]
  0x000000001635c000 JavaThread "pool-1-thread-3" [_thread_in_Java, id=2584, stack(0x0000000016bd0000,0x0000000016cd0000)]
  0x000000001635b000 JavaThread "pool-1-thread-2" [_thread_in_vm, id=7240, stack(0x0000000016ad0000,0x0000000016bd0000)]
  0x0000000016358800 JavaThread "pool-2-thread-1" [_thread_blocked, id=5844, stack(0x00000000169d0000,0x0000000016ad0000)]
  0x0000000016356000 JavaThread "pool-1-thread-1" [_thread_in_vm, id=3580, stack(0x00000000168d0000,0x00000000169d0000)]
  0x0000000016121000 JavaThread "Service Thread" daemon [_thread_blocked, id=8828, stack(0x00000000166d0000,0x00000000167d0000)]
=>0x0000000016119800 JavaThread "C1 CompilerThread2" daemon [_thread_in_native, id=4176, stack(0x00000000165d0000,0x00000000166d0000)]
  0x0000000016113800 JavaThread "C2 CompilerThread1" daemon [_thread_in_native, id=2908, stack(0x00000000164d0000,0x00000000165d0000)]
  0x00000000149ca000 JavaThread "C2 CompilerThread0" daemon [_thread_in_native, id=4472, stack(0x0000000015fd0000,0x00000000160d0000)]
  0x00000000149c7000 JavaThread "Attach Listener" daemon [_thread_blocked, id=7068, stack(0x0000000015ed0000,0x0000000015fd0000)]
  0x00000000149c6800 JavaThread "Signal Dispatcher" daemon [_thread_blocked, id=4252, stack(0x0000000015dd0000,0x0000000015ed0000)]
  0x000000001496a800 JavaThread "Finalizer" daemon [_thread_blocked, id=2472, stack(0x0000000015bf0000,0x0000000015cf0000)]
  0x000000000229f000 JavaThread "Reference Handler" daemon [_thread_blocked, id=6296, stack(0x0000000015af0000,0x0000000015bf0000)]
  0x00000000021b0800 JavaThread "main" [_thread_blocked, id=3476, stack(0x0000000002010000,0x0000000002110000)]

Other Threads:
  0x0000000014947800 VMThread [stack: 0x00000000159f0000,0x0000000015af0000] [id=6040]
  0x000000001616b000 WatcherThread [stack: 0x00000000167d0000,0x00000000168d0000] [id=1036]

VM state:synchronizing (normal execution)

VM Mutex/Monitor currently owned by a thread:  ([mutex/lock_event])
[0x00000000021ac060] Safepoint_lock - owner thread: 0x0000000014947800
[0x00000000021ac2e0] Threads_lock - owner thread: 0x0000000014947800
[0x00000000021ac6e0] Heap_lock - owner thread: 0x00000000021b0800

Heap:
 PSYoungGen      total 18944K, used 18935K [0x00000000eab00000, 0x00000000ec000000, 0x0000000100000000)
  eden space 16384K, 100% used [0x00000000eab00000,0x00000000ebb00000,0x00000000ebb00000)
  from space 2560K, 99% used [0x00000000ebd80000,0x00000000ebffdc70,0x00000000ec000000)
  to   space 2560K, 0% used [0x00000000ebb00000,0x00000000ebb00000,0x00000000ebd80000)
 ParOldGen       total 44032K, used 9205K [0x00000000c0000000, 0x00000000c2b00000, 0x00000000eab00000)
  object space 44032K, 20% used [0x00000000c0000000,0x00000000c08fd730,0x00000000c2b00000)
 Metaspace       used 5855K, capacity 6710K, committed 6784K, reserved 1060864K
  class space    used 607K, capacity 622K, committed 640K, reserved 1048576K

Card table byte_map: [0x0000000011670000,0x0000000011880000] byte_map_base: 0x0000000011070000

Marking Bits: (ParMarkBitMap*) 0x0000000068800600
 Begin Bits: [0x0000000011de0000, 0x0000000012de0000)
 End Bits:   [0x0000000012de0000, 0x0000000013de0000)

Polling page: 0x00000000006c0000

CodeCache: size=245760Kb used=2426Kb max_used=2436Kb free=243333Kb
 bounds [0x00000000022b0000, 0x0000000002520000, 0x00000000112b0000]
 total_blobs=914 nmethods=645 adapters=182
 compilation: enabled

Compilation events (10 events):
Event: 4.281 Thread 0x0000000016119800 nmethod 653 0x0000000002509850 code [0x00000000025099c0, 0x0000000002509c78]
Event: 4.281 Thread 0x0000000016119800  657       3       com.android.dx.ssa.NormalSsaInsn::<init> (15 bytes)
Event: 4.281 Thread 0x0000000016119800 nmethod 657 0x000000000250d9d0 code [0x000000000250db60, 0x000000000250df68]
Event: 4.281 Thread 0x0000000016119800  662       3       com.android.dx.ssa.SsaMethod::bitSetFromLabelList (47 bytes)
Event: 4.282 Thread 0x0000000016119800 nmethod 662 0x000000000250e110 code [0x000000000250e2c0, 0x000000000250ea38]
Event: 4.282 Thread 0x0000000016119800  664       1       com.android.dx.ssa.Optimizer::getPreserveLocals (4 bytes)
Event: 4.282 Thread 0x0000000016119800 nmethod 664 0x0000000002509550 code [0x00000000025096a0, 0x0000000002509790]
Event: 4.282 Thread 0x0000000016119800  645       3       com.android.dx.ssa.SCCP::addBlockToWorklist (47 bytes)
Event: 4.284 Thread 0x0000000016119800 nmethod 645 0x000000000250ed50 code [0x000000000250ef60, 0x000000000250fb38]
Event: 4.284 Thread 0x0000000016119800  654   !   3       com.android.dx.cf.code.BytecodeArray::parseInstruction (2764 bytes)

GC Heap History (2 events):
Event: 4.209 GC heap before
{Heap before GC invocations=1 (full 0):
 PSYoungGen      total 18944K, used 16384K [0x00000000eab00000, 0x00000000ec000000, 0x0000000100000000)
  eden space 16384K, 100% used [0x00000000eab00000,0x00000000ebb00000,0x00000000ebb00000)
  from space 2560K, 0% used [0x00000000ebd80000,0x00000000ebd80000,0x00000000ec000000)
  to   space 2560K, 0% used [0x00000000ebb00000,0x00000000ebb00000,0x00000000ebd80000)
 ParOldGen       total 44032K, used 0K [0x00000000c0000000, 0x00000000c2b00000, 0x00000000eab00000)
  object space 44032K, 0% used [0x00000000c0000000,0x00000000c0000000,0x00000000c2b00000)
 Metaspace       used 5617K, capacity 6514K, committed 6784K, reserved 1060864K
  class space    used 601K, capacity 618K, committed 640K, reserved 1048576K
Event: 4.251 GC heap after
Heap after GC invocations=1 (full 0):
 PSYoungGen      total 18944K, used 2538K [0x00000000eab00000, 0x00000000ec000000, 0x0000000100000000)
  eden space 16384K, 0% used [0x00000000eab00000,0x00000000eab00000,0x00000000ebb00000)
  from space 2560K, 99% used [0x00000000ebb00000,0x00000000ebd7aaa8,0x00000000ebd80000)
  to   space 2560K, 0% used [0x00000000ebd80000,0x00000000ebd80000,0x00000000ec000000)
 ParOldGen       total 44032K, used 1306K [0x00000000c0000000, 0x00000000c2b00000, 0x00000000eab00000)
  object space 44032K, 2% used [0x00000000c0000000,0x00000000c0146990,0x00000000c2b00000)
 Metaspace       used 5617K, capacity 6514K, committed 6784K, reserved 1060864K
  class space    used 601K, capacity 618K, committed 640K, reserved 1048576K
}

Deoptimization events (1 events):
Event: 3.080 Thread 0x00000000021b0800 Uncommon trap: reason=unstable_if action=reinterpret pc=0x00000000024042d4 method=java.lang.String.compareTo(Ljava/lang/String;)I @ 38

Internal exceptions (2 events):
Event: 0.671 Thread 0x00000000021b0800 Exception <a 'java/lang/NoSuchMethodError': Method sun.misc.Unsafe.defineClass(Ljava/lang/String;[BII)Ljava/lang/Class; name or signature does not match> (0x00000000eab07cc0) thrown at [D:\re\workspace\8-2-build-windows-amd64-cygwin\jdk8u77\6540\hotspot\sríÂ/M¾yå?
Event: 0.671 Thread 0x00000000021b0800 Exception <a 'java/lang/NoSuchMethodError': Method sun.misc.Unsafe.prefetchRead(Ljava/lang/Object;J)V name or signature does not match> (0x00000000eab07fa8) thrown at [D:\re\workspace\8-2-build-windows-amd64-cygwin\jdk8u77\6540\hotspot\src\share\vm\prims\j

Events (10 events):
Event: 4.129 loading class java/util/TreeMap$EntryIterator
Event: 4.129 loading class java/util/TreeMap$EntryIterator done
Event: 4.168 Executing VM operation: CollectForMetadataAllocation
Event: 4.188 Executing VM operation: CollectForMetadataAllocation done
Event: 4.206 loading class com/android/dx/ssa/back/FirstFitLocalCombiningAllocator$Multiset
Event: 4.206 loading class com/android/dx/ssa/back/FirstFitLocalCombiningAllocator$Multiset done
Event: 4.209 Executing VM operation: ParallelGCFailedAllocation
Event: 4.251 Executing VM operation: ParallelGCFailedAllocation done
Event: 4.255 loading class com/android/dx/cf/code/BytecodeArray$ConstantParserVisitor
Event: 4.255 loading class com/android/dx/cf/code/BytecodeArray$ConstantParserVisitor done


Dynamic libraries:
0x00007ff6c5c50000 - 0x00007ff6c5c87000 	C:\Program Files\Java\jdk1.8.0_77\bin\java.exe
0x00007ffde11a0000 - 0x00007ffde134d000 	C:\Windows\SYSTEM32\ntdll.dll
0x00007ffde0560000 - 0x00007ffde069e000 	C:\Windows\system32\KERNEL32.DLL
0x00007ffdde3a0000 - 0x00007ffdde4b5000 	C:\Windows\system32\KERNELBASE.dll
0x00007ffddce80000 - 0x00007ffddcf0e000 	C:\Windows\system32\apphelp.dll
0x00007ffdcfe90000 - 0x00007ffdcfee3000 	C:\Windows\AppPatch\AppPatch64\AcGenral.DLL
0x00007ffde0430000 - 0x00007ffde04da000 	C:\Windows\system32\msvcrt.dll
0x00007ffdde6a0000 - 0x00007ffdde6ce000 	C:\Windows\system32\SspiCli.dll
0x00007ffde06b0000 - 0x00007ffde0704000 	C:\Windows\system32\SHLWAPI.dll
0x00007ffde09a0000 - 0x00007ffde0b17000 	C:\Windows\system32\USER32.dll
0x00007ffde00e0000 - 0x00007ffde0274000 	C:\Windows\system32\ole32.dll
0x00007ffdde830000 - 0x00007ffddfd5a000 	C:\Windows\system32\SHELL32.dll
0x00007ffddd8a0000 - 0x00007ffddd8c1000 	C:\Windows\SYSTEM32\USERENV.dll
0x00007ffde0ed0000 - 0x00007ffde0f7a000 	C:\Windows\system32\ADVAPI32.dll
0x00007ffdceb70000 - 0x00007ffdceb8e000 	C:\Windows\SYSTEM32\MPR.dll
0x00007ffddfeb0000 - 0x00007ffddfff0000 	C:\Windows\system32\RPCRT4.dll
0x00007ffde0500000 - 0x00007ffde0559000 	C:\Windows\SYSTEM32\sechost.dll
0x00007ffde0f80000 - 0x00007ffde1191000 	C:\Windows\SYSTEM32\combase.dll
0x00007ffddfd60000 - 0x00007ffddfeb0000 	C:\Windows\system32\GDI32.dll
0x00007ffdde2d0000 - 0x00007ffdde2e5000 	C:\Windows\SYSTEM32\profapi.dll
0x00007ffddc850000 - 0x00007ffddc902000 	C:\Windows\SYSTEM32\SHCORE.dll
0x00007ffde0960000 - 0x00007ffde0996000 	C:\Windows\system32\IMM32.DLL
0x00007ffde0d70000 - 0x00007ffde0ec2000 	C:\Windows\system32\MSCTF.dll
0x00007ffddc3c0000 - 0x00007ffddc63b000 	C:\Windows\WinSxS\amd64_microsoft.windows.common-controls_6595b64144ccf1df_6.0.9600.18006_none_623f33d3ecbe86e8\COMCTL32.dll
0x0000000067b00000 - 0x0000000067bd2000 	C:\Program Files\Java\jdk1.8.0_77\jre\bin\msvcr100.dll
0x0000000067ff0000 - 0x0000000068880000 	C:\Program Files\Java\jdk1.8.0_77\jre\bin\server\jvm.dll
0x00007ffdd4f50000 - 0x00007ffdd4f59000 	C:\Windows\SYSTEM32\WSOCK32.dll
0x00007ffddbea0000 - 0x00007ffddbec2000 	C:\Windows\SYSTEM32\WINMM.dll
0x00007ffddc670000 - 0x00007ffddc67a000 	C:\Windows\SYSTEM32\VERSION.dll
0x00007ffde06a0000 - 0x00007ffde06a7000 	C:\Windows\system32\PSAPI.DLL
0x00007ffde0b80000 - 0x00007ffde0bda000 	C:\Windows\system32\WS2_32.dll
0x00007ffddbe30000 - 0x00007ffddbe5a000 	C:\Windows\SYSTEM32\WINMMBASE.dll
0x00007ffde0000000 - 0x00007ffde0009000 	C:\Windows\system32\NSI.dll
0x00007ffdde7e0000 - 0x00007ffdde82f000 	C:\Windows\SYSTEM32\cfgmgr32.dll
0x00007ffddd100000 - 0x00007ffddd128000 	C:\Windows\SYSTEM32\DEVOBJ.dll
0x0000000068bf0000 - 0x0000000068bff000 	C:\Program Files\Java\jdk1.8.0_77\jre\bin\verify.dll
0x0000000068bc0000 - 0x0000000068be9000 	C:\Program Files\Java\jdk1.8.0_77\jre\bin\java.dll
0x0000000068ba0000 - 0x0000000068bb6000 	C:\Program Files\Java\jdk1.8.0_77\jre\bin\zip.dll

VM Arguments:
jvm_args: -Djava.awt.headless=true -Xmx1024M -Dfile.encoding=x-windows-874 -Duser.country=US -Duser.language=en -Duser.variant 
java_command: com.android.dx.command.Main --dex --num-threads=4 --output C:\Users\Ao\Desktop\aaaaaaaaaaa\Samnaun\app\build\intermediates\pre-dexed\debug\com.android.support-appcompat-v7-23.2.1_6a1af24bdd6cb7c10583b1bdcab095133e85c1ba.jar C:\Users\Ao\Desktop\aaaaaaaaaaa\Samnaun\app\build\intermediates\exploded-aar\com.android.support\appcompat-v7\23.2.1\jars\classes.jar
java_class_path (initial): C:\Users\Ao\AppData\Local\Android\sdk\build-tools\23.0.3\lib\dx.jar
Launcher Type: SUN_STANDARD

Environment Variables:
CLASSPATH=.;C:\Program Files (x86)\Java\jre1.8.0_73\lib\ext\QTJava.zip;C:\Program Files\Common Files\Intel\WirelessCommon\;C:\Program Files\Android\Android Studio\bin;E:\Program\eclipes
PATH=C:\Windows\System32;C:\Program Files\Intel\WiFi\bin\;C:\Program Files\Common Files\Intel\WirelessCommon\;C:\Program Files\Android\Android Studio\bin;C:\Program Files\Java\jdk1.8.0_77\bin;C:\Program Files\MongoDB\Server\3.2\bin
USERNAME=Ao
OS=Windows_NT
PROCESSOR_IDENTIFIER=Intel64 Family 6 Model 69 Stepping 1, GenuineIntel



---------------  S Y S T E M  ---------------

OS: Windows 8.1 , 64 bit Build 9600 (6.3.9600.17415)

CPU:total 4 (2 cores per cpu, 2 threads per core) family 6 model 69 stepping 1, cmov, cx8, fxsr, mmx, sse, sse2, sse3, ssse3, sse4.1, sse4.2, popcnt, avx, avx2, aes, clmul, erms, lzcnt, ht, tsc, tscinvbit, bmi1, bmi2

Memory: 4k page, physical 4108572k(146300k free), swap 7254300k(9532k free)

vm_info: Java HotSpot(TM) 64-Bit Server VM (25.77-b03) for windows-amd64 JRE (1.8.0_77-b03), built on Mar 20 2016 22:01:33 by "java_re" with MS VC++ 10.0 (VS2010)

time: Thu May 19 14:45:22 2016
elapsed time: 5 seconds (0d 0h 0m 5s)

