#
# There is insufficient memory for the Java Runtime Environment to continue.
# Native memory allocation (malloc) failed to allocate 93056 bytes for Chunk::new
# Possible reasons:
#   The system is out of physical RAM or swap space
#   In 32 bit mode, the process size limit was hit
# Possible solutions:
#   Reduce memory load on the system
#   Increase physical memory or swap space
#   Check if swap backing store is full
#   Use 64 bit Java on a 64 bit OS
#   Decrease Java heap size (-Xmx/-Xms)
#   Decrease number of Java threads
#   Decrease Java thread stack sizes (-Xss)
#   Set larger code cache with -XX:ReservedCodeCacheSize=
# This output file may be truncated or incomplete.
#
#  Out of Memory Error (allocation.cpp:390), pid=8040, tid=7080
#
# JRE version: Java(TM) SE Runtime Environment (8.0_77-b03) (build 1.8.0_77-b03)
# Java VM: Java HotSpot(TM) 64-Bit Server VM (25.77-b03 mixed mode windows-amd64 compressed oops)
# Failed to write core dump. Minidumps are not enabled by default on client versions of Windows
#

---------------  T H R E A D  ---------------

Current thread (0x000000001655c800):  JavaThread "C2 CompilerThread1" daemon [_thread_in_native, id=7080, stack(0x0000000016930000,0x0000000016a30000)]

Stack: [0x0000000016930000,0x0000000016a30000]
[error occurred during error reporting (printing stack bounds), id 0xc0000005]

Native frames: (J=compiled Java code, j=interpreted, Vv=VM code, C=native code)


Current CompileTask:
C2:   7296 1139       4       com.android.dx.util.LabeledList::set (45 bytes)


---------------  P R O C E S S  ---------------

Java Threads: ( => current thread )
  0x0000000016895000 JavaThread "pool-1-thread-4" [_thread_in_Java, id=6316, stack(0x0000000017930000,0x0000000017a30000)]
  0x0000000016894800 JavaThread "pool-1-thread-3" [_thread_in_Java, id=8816, stack(0x0000000017830000,0x0000000017930000)]
  0x0000000016791000 JavaThread "pool-1-thread-2" [_thread_in_Java, id=3604, stack(0x0000000017730000,0x0000000017830000)]
  0x000000001678e000 JavaThread "pool-2-thread-1" [_thread_blocked, id=8524, stack(0x0000000017630000,0x0000000017730000)]
  0x0000000016e40000 JavaThread "pool-1-thread-1" [_thread_in_Java, id=7248, stack(0x0000000017530000,0x0000000017630000)]
  0x0000000016595800 JavaThread "Service Thread" daemon [_thread_blocked, id=684, stack(0x0000000016b30000,0x0000000016c30000)]
  0x0000000016567000 JavaThread "C1 CompilerThread2" daemon [_thread_blocked, id=6844, stack(0x0000000016a30000,0x0000000016b30000)]
=>0x000000001655c800 JavaThread "C2 CompilerThread1" daemon [_thread_in_native, id=7080, stack(0x0000000016930000,0x0000000016a30000)]
  0x0000000014e3a000 JavaThread "C2 CompilerThread0" daemon [_thread_in_native, id=6376, stack(0x0000000016430000,0x0000000016530000)]
  0x0000000014e37000 JavaThread "Attach Listener" daemon [_thread_blocked, id=8440, stack(0x0000000016330000,0x0000000016430000)]
  0x0000000014e36800 JavaThread "Signal Dispatcher" daemon [_thread_blocked, id=5716, stack(0x0000000016230000,0x0000000016330000)]
  0x000000000271a000 JavaThread "Finalizer" daemon [_thread_blocked, id=7492, stack(0x0000000016050000,0x0000000016150000)]
  0x000000000270f000 JavaThread "Reference Handler" daemon [_thread_blocked, id=4776, stack(0x0000000015f50000,0x0000000016050000)]
  0x0000000002620800 JavaThread "main" [_thread_in_Java, id=6056, stack(0x0000000002520000,0x0000000002620000)]

Other Threads:
  0x0000000014db7800 VMThread [stack: 0x0000000015e50000,0x0000000015f50000] [id=8316]
  0x00000000165cb000 WatcherThread [stack: 0x0000000016c30000,0x0000000016d30000] [id=7816]

VM state:not at safepoint (normal execution)

VM Mutex/Monitor currently owned by a thread: None

Heap:
 PSYoungGen      total 18944K, used 15811K [0x00000000eab00000, 0x00000000ec000000, 0x0000000100000000)
  eden space 16384K, 81% used [0x00000000eab00000,0x00000000eb7f8e38,0x00000000ebb00000)
  from space 2560K, 98% used [0x00000000ebd80000,0x00000000ebff8018,0x00000000ec000000)
  to   space 2560K, 0% used [0x00000000ebb00000,0x00000000ebb00000,0x00000000ebd80000)
 ParOldGen       total 44032K, used 7640K [0x00000000c0000000, 0x00000000c2b00000, 0x00000000eab00000)
  object space 44032K, 17% used [0x00000000c0000000,0x00000000c0776020,0x00000000c2b00000)
 Metaspace       used 6203K, capacity 7030K, committed 7296K, reserved 1056768K
  class space    used 606K, capacity 622K, committed 640K, reserved 1048576K

Card table byte_map: [0x0000000011ae0000,0x0000000011cf0000] byte_map_base: 0x00000000114e0000

Marking Bits: (ParMarkBitMap*) 0x0000000068800600
 Begin Bits: [0x0000000012250000, 0x0000000013250000)
 End Bits:   [0x0000000013250000, 0x0000000014250000)

Polling page: 0x0000000000c60000

CodeCache: size=245760Kb used=4818Kb max_used=4818Kb free=240941Kb
 bounds [0x0000000002720000, 0x0000000002be0000, 0x0000000011720000]
 total_blobs=1503 nmethods=1233 adapters=182
 compilation: disabled (not enough contiguous free space left)

Compilation events (10 events):
Event: 6.765 Thread 0x0000000016567000 1241       3       java.lang.ref.Finalizer::hasBeenFinalized (14 bytes)
Event: 6.765 Thread 0x0000000016567000 nmethod 1241 0x0000000002bd5d90 code [0x0000000002bd5ee0, 0x0000000002bd6090]
Event: 6.765 Thread 0x0000000016567000 1242   !   3       java.lang.ref.Finalizer::remove (94 bytes)
Event: 6.766 Thread 0x0000000016567000 nmethod 1242 0x0000000002bd6110 code [0x0000000002bd6280, 0x0000000002bd6750]
Event: 6.766 Thread 0x0000000016567000 1243       3       java.lang.System$2::invokeFinalize (5 bytes)
Event: 6.766 Thread 0x0000000016567000 nmethod 1243 0x0000000002bd6890 code [0x0000000002bd6a00, 0x0000000002bd6c28]
Event: 6.766 Thread 0x0000000016567000 1245       3       com.android.dx.rop.code.Rops::opMoveParam (69 bytes)
Event: 6.767 Thread 0x0000000016567000 nmethod 1245 0x0000000002bd6cd0 code [0x0000000002bd6f00, 0x0000000002bd7ad8]
Event: 6.767 Thread 0x0000000016567000 1232       3       com.android.dx.cf.code.Simulator$SimVisitor::visitNoArgs (2108 bytes)
Event: 6.783 Thread 0x0000000016567000 


GC Heap History (4 events):
Event: 5.450 GC heap before
{Heap before GC invocations=1 (full 0):
 PSYoungGen      total 18944K, used 16384K [0x00000000eab00000, 0x00000000ec000000, 0x0000000100000000)
  eden space 16384K, 100% used [0x00000000eab00000,0x00000000ebb00000,0x00000000ebb00000)
  from space 2560K, 0% used [0x00000000ebd80000,0x00000000ebd80000,0x00000000ec000000)
  to   space 2560K, 0% used [0x00000000ebb00000,0x00000000ebb00000,0x00000000ebd80000)
 ParOldGen       total 44032K, used 0K [0x00000000c0000000, 0x00000000c2b00000, 0x00000000eab00000)
  object space 44032K, 0% used [0x00000000c0000000,0x00000000c0000000,0x00000000c2b00000)
 Metaspace       used 5570K, capacity 6514K, committed 6784K, reserved 1056768K
  class space    used 596K, capacity 618K, committed 640K, reserved 1048576K
Event: 5.522 GC heap after
Heap after GC invocations=1 (full 0):
 PSYoungGen      total 18944K, used 2548K [0x00000000eab00000, 0x00000000ec000000, 0x0000000100000000)
  eden space 16384K, 0% used [0x00000000eab00000,0x00000000eab00000,0x00000000ebb00000)
  from space 2560K, 99% used [0x00000000ebb00000,0x00000000ebd7d298,0x00000000ebd80000)
  to   space 2560K, 0% used [0x00000000ebd80000,0x00000000ebd80000,0x00000000ec000000)
 ParOldGen       total 44032K, used 904K [0x00000000c0000000, 0x00000000c2b00000, 0x00000000eab00000)
  object space 44032K, 2% used [0x00000000c0000000,0x00000000c00e2388,0x00000000c2b00000)
 Metaspace       used 5570K, capacity 6514K, committed 6784K, reserved 1056768K
  class space    used 596K, capacity 618K, committed 640K, reserved 1048576K
}
Event: 6.702 GC heap before
{Heap before GC invocations=2 (full 0):
 PSYoungGen      total 18944K, used 18932K [0x00000000eab00000, 0x00000000ec000000, 0x0000000100000000)
  eden space 16384K, 100% used [0x00000000eab00000,0x00000000ebb00000,0x00000000ebb00000)
  from space 2560K, 99% used [0x00000000ebb00000,0x00000000ebd7d298,0x00000000ebd80000)
  to   space 2560K, 0% used [0x00000000ebd80000,0x00000000ebd80000,0x00000000ec000000)
 ParOldGen       total 44032K, used 904K [0x00000000c0000000, 0x00000000c2b00000, 0x00000000eab00000)
  object space 44032K, 2% used [0x00000000c0000000,0x00000000c00e2388,0x00000000c2b00000)
 Metaspace       used 6005K, capacity 6902K, committed 7040K, reserved 1056768K
  class space    used 600K, capacity 622K, committed 640K, reserved 1048576K
Event: 6.754 GC heap after
Heap after GC invocations=2 (full 0):
 PSYoungGen      total 18944K, used 2551K [0x00000000eab00000, 0x00000000ec000000, 0x0000000100000000)
  eden space 16384K, 0% used [0x00000000eab00000,0x00000000eab00000,0x00000000ebb00000)
  from space 2560K, 99% used [0x00000000ebd80000,0x00000000ebffdc88,0x00000000ec000000)
  to   space 2560K, 0% used [0x00000000ebb00000,0x00000000ebb00000,0x00000000ebd80000)
 ParOldGen       total 44032K, used 2544K [0x00000000c0000000, 0x00000000c2b00000, 0x00000000eab00000)
  object space 44032K, 5% used [0x00000000c0000000,0x00000000c027c100,0x00000000c2b00000)
 Metaspace       used 6005K, capacity 6902K, committed 7040K, reserved 1056768K
  class space    used 600K, capacity 622K, committed 640K, reserved 1048576K
}

Deoptimization events (4 events):
Event: 5.190 Thread 0x0000000002620800 Uncommon trap: reason=unstable_if action=reinterpret pc=0x00000000029314e4 method=java.util.HashMap.getNode(ILjava/lang/Object;)Ljava/util/HashMap$Node; @ 129
Event: 6.079 Thread 0x0000000016894800 Uncommon trap: reason=unstable_if action=reinterpret pc=0x0000000002a32e1c method=com.android.dx.rop.cst.Constant.compareTo(Lcom/android/dx/rop/cst/Constant;)I @ 12
Event: 6.212 Thread 0x0000000002620800 Uncommon trap: reason=unstable_if action=reinterpret pc=0x0000000002ab20c0 method=com.android.dx.ssa.SsaRenamer$BlockRenamer.addMapping(ILcom/android/dx/rop/code/RegisterSpec;)V @ 120
Event: 6.407 Thread 0x0000000016895000 Uncommon trap: reason=null_check action=make_not_entrant pc=0x0000000002ab4e68 method=com.android.dx.rop.type.Type.equals(Ljava/lang/Object;)Z @ 8

Internal exceptions (3 events):
Event: 3.775 Thread 0x0000000002620800 Exception <a 'java/lang/NoSuchMethodError': Method sun.misc.Unsafe.defineClass(Ljava/lang/String;[BII)Ljava/lang/Class; name or signature does not match> (0x00000000eab07cc0) thrown at [D:\re\workspace\8-2-build-windows-amd64-cygwin\jdk8u77\6540\hotspot\srƒÔBW4@
Event: 3.776 Thread 0x0000000002620800 Exception <a 'java/lang/NoSuchMethodError': Method sun.misc.Unsafe.prefetchRead(Ljava/lang/Object;J)V name or signature does not match> (0x00000000eab07fa8) thrown at [D:\re\workspace\8-2-build-windows-amd64-cygwin\jdk8u77\6540\hotspot\src\share\vm\prims\jãV˜š @
Event: 6.407 Thread 0x0000000016895000 Implicit null exception at 0x0000000002ab4d62 to 0x0000000002ab4e5a

Events (10 events):
Event: 6.800 loading class com/android/dx/cf/attrib/BaseParameterAnnotations
Event: 6.800 loading class com/android/dx/cf/attrib/BaseParameterAnnotations done
Event: 6.804 loading class com/android/dx/cf/attrib/AttExceptions
Event: 6.804 loading class com/android/dx/cf/attrib/AttExceptions done
Event: 6.816 loading class com/android/dx/dex/file/ParameterAnnotationStruct
Event: 6.816 loading class com/android/dx/dex/file/ParameterAnnotationStruct done
Event: 6.858 loading class com/android/dx/dex/file/UniformListItem
Event: 6.858 loading class com/android/dx/dex/file/UniformListItem done
Event: 6.859 loading class com/android/dx/dex/file/AnnotationSetRefItem
Event: 6.859 loading class com/android/dx/dex/file/AnnotationSetRefItem done


Dynamic libraries:
0x00007ff6c5c50000 - 0x00007ff6c5c87000 	C:\Program Files\Java\jdk1.8.0_77\bin\java.exe
0x00007ffde11a0000 - 0x00007ffde134d000 	C:\Windows\SYSTEM32\ntdll.dll
0x00007ffde0560000 - 0x00007ffde069e000 	C:\Windows\system32\KERNEL32.DLL
0x00007ffdde3a0000 - 0x00007ffdde4b5000 	C:\Windows\system32\KERNELBASE.dll
0x00007ffddce80000 - 0x00007ffddcf0e000 	C:\Windows\system32\apphelp.dll
0x00007ffdcfe90000 - 0x00007ffdcfee3000 	C:\Windows\AppPatch\AppPatch64\AcGenral.DLL
0x00007ffde0430000 - 0x00007ffde04da000 	C:\Windows\system32\msvcrt.dll
0x00007ffdde6a0000 - 0x00007ffdde6ce000 	C:\Windows\system32\SspiCli.dll
0x00007ffde06b0000 - 0x00007ffde0704000 	C:\Windows\system32\SHLWAPI.dll
0x00007ffde09a0000 - 0x00007ffde0b17000 	C:\Windows\system32\USER32.dll
0x00007ffde00e0000 - 0x00007ffde0274000 	C:\Windows\system32\ole32.dll
0x00007ffdde830000 - 0x00007ffddfd5a000 	C:\Windows\system32\SHELL32.dll
0x00007ffddd8a0000 - 0x00007ffddd8c1000 	C:\Windows\SYSTEM32\USERENV.dll
0x00007ffde0ed0000 - 0x00007ffde0f7a000 	C:\Windows\system32\ADVAPI32.dll
0x00007ffdceb70000 - 0x00007ffdceb8e000 	C:\Windows\SYSTEM32\MPR.dll
0x00007ffddfeb0000 - 0x00007ffddfff0000 	C:\Windows\system32\RPCRT4.dll
0x00007ffde0500000 - 0x00007ffde0559000 	C:\Windows\SYSTEM32\sechost.dll
0x00007ffde0f80000 - 0x00007ffde1191000 	C:\Windows\SYSTEM32\combase.dll
0x00007ffddfd60000 - 0x00007ffddfeb0000 	C:\Windows\system32\GDI32.dll
0x00007ffdde2d0000 - 0x00007ffdde2e5000 	C:\Windows\SYSTEM32\profapi.dll
0x00007ffddc850000 - 0x00007ffddc902000 	C:\Windows\SYSTEM32\SHCORE.dll
0x00007ffde0960000 - 0x00007ffde0996000 	C:\Windows\system32\IMM32.DLL
0x00007ffde0d70000 - 0x00007ffde0ec2000 	C:\Windows\system32\MSCTF.dll
0x00007ffddc3c0000 - 0x00007ffddc63b000 	C:\Windows\WinSxS\amd64_microsoft.windows.common-controls_6595b64144ccf1df_6.0.9600.18006_none_623f33d3ecbe86e8\COMCTL32.dll
0x0000000067b00000 - 0x0000000067bd2000 	C:\Program Files\Java\jdk1.8.0_77\jre\bin\msvcr100.dll
0x0000000067ff0000 - 0x0000000068880000 	C:\Program Files\Java\jdk1.8.0_77\jre\bin\server\jvm.dll
0x00007ffdd4f50000 - 0x00007ffdd4f59000 	C:\Windows\SYSTEM32\WSOCK32.dll
0x00007ffddbea0000 - 0x00007ffddbec2000 	C:\Windows\SYSTEM32\WINMM.dll
0x00007ffddc670000 - 0x00007ffddc67a000 	C:\Windows\SYSTEM32\VERSION.dll
0x00007ffde06a0000 - 0x00007ffde06a7000 	C:\Windows\system32\PSAPI.DLL
0x00007ffde0b80000 - 0x00007ffde0bda000 	C:\Windows\system32\WS2_32.dll
0x00007ffddbe30000 - 0x00007ffddbe5a000 	C:\Windows\SYSTEM32\WINMMBASE.dll
0x00007ffde0000000 - 0x00007ffde0009000 	C:\Windows\system32\NSI.dll
0x00007ffdde7e0000 - 0x00007ffdde82f000 	C:\Windows\SYSTEM32\cfgmgr32.dll
0x00007ffddd100000 - 0x00007ffddd128000 	C:\Windows\SYSTEM32\DEVOBJ.dll
0x0000000068bf0000 - 0x0000000068bff000 	C:\Program Files\Java\jdk1.8.0_77\jre\bin\verify.dll
0x0000000068bc0000 - 0x0000000068be9000 	C:\Program Files\Java\jdk1.8.0_77\jre\bin\java.dll
0x0000000068ba0000 - 0x0000000068bb6000 	C:\Program Files\Java\jdk1.8.0_77\jre\bin\zip.dll

VM Arguments:
jvm_args: -Djava.awt.headless=true -Xmx1024M -Dfile.encoding=x-windows-874 -Duser.country=US -Duser.language=en -Duser.variant 
java_command: com.android.dx.command.Main --dex --num-threads=4 --output C:\Users\Ao\Desktop\aaaaaaaaaaa\Samnaun\app\build\intermediates\pre-dexed\debug\internal_impl-23.2.1_bf949a4b700fb0cdb08b994b1f95d8a1ede2cef8.jar C:\Users\Ao\Desktop\aaaaaaaaaaa\Samnaun\app\build\intermediates\exploded-aar\com.android.support\support-v4\23.2.1\jars\libs\internal_impl-23.2.1.jar
java_class_path (initial): C:\Users\Ao\AppData\Local\Android\sdk\build-tools\23.0.3\lib\dx.jar
Launcher Type: SUN_STANDARD

Environment Variables:
CLASSPATH=.;C:\Program Files (x86)\Java\jre1.8.0_73\lib\ext\QTJava.zip;C:\Program Files\Common Files\Intel\WirelessCommon\;C:\Program Files\Android\Android Studio\bin;E:\Program\eclipes
PATH=C:\Windows\System32;C:\Program Files\Intel\WiFi\bin\;C:\Program Files\Common Files\Intel\WirelessCommon\;C:\Program Files\Android\Android Studio\bin;C:\Program Files\Java\jdk1.8.0_77\bin;C:\Program Files\MongoDB\Server\3.2\bin
USERNAME=Ao
OS=Windows_NT
PROCESSOR_IDENTIFIER=Intel64 Family 6 Model 69 Stepping 1, GenuineIntel



---------------  S Y S T E M  ---------------

OS: Windows 8.1 , 64 bit Build 9600 (6.3.9600.17415)

CPU:total 4 (2 cores per cpu, 2 threads per core) family 6 model 69 stepping 1, cmov, cx8, fxsr, mmx, sse, sse2, sse3, ssse3, sse4.1, sse4.2, popcnt, avx, avx2, aes, clmul, erms, lzcnt, ht, tsc, tscinvbit, bmi1, bmi2

Memory: 4k page, physical 4108572k(198748k free), swap 7254300k(7360k free)

vm_info: Java HotSpot(TM) 64-Bit Server VM (25.77-b03) for windows-amd64 JRE (1.8.0_77-b03), built on Mar 20 2016 22:01:33 by "java_re" with MS VC++ 10.0 (VS2010)

time: Thu May 19 14:45:07 2016
elapsed time: 8 seconds (0d 0h 0m 8s)

