#
# There is insufficient memory for the Java Runtime Environment to continue.
# Native memory allocation (malloc) failed to allocate 1811296 bytes for Chunk::new
# Possible reasons:
#   The system is out of physical RAM or swap space
#   In 32 bit mode, the process size limit was hit
# Possible solutions:
#   Reduce memory load on the system
#   Increase physical memory or swap space
#   Check if swap backing store is full
#   Use 64 bit Java on a 64 bit OS
#   Decrease Java heap size (-Xmx/-Xms)
#   Decrease number of Java threads
#   Decrease Java thread stack sizes (-Xss)
#   Set larger code cache with -XX:ReservedCodeCacheSize=
# This output file may be truncated or incomplete.
#
#  Out of Memory Error (allocation.cpp:390), pid=5704, tid=4244
#
# JRE version: Java(TM) SE Runtime Environment (8.0_77-b03) (build 1.8.0_77-b03)
# Java VM: Java HotSpot(TM) 64-Bit Server VM (25.77-b03 mixed mode windows-amd64 compressed oops)
# Failed to write core dump. Minidumps are not enabled by default on client versions of Windows
#

---------------  T H R E A D  ---------------

Current thread (0x00000000146ab000):  JavaThread "C2 CompilerThread0" daemon [_thread_in_native, id=4244, stack(0x0000000015c90000,0x0000000015d90000)]

Stack: [0x0000000015c90000,0x0000000015d90000]
[error occurred during error reporting (printing stack bounds), id 0xc0000005]

Native frames: (J=compiled Java code, j=interpreted, Vv=VM code, C=native code)


Current CompileTask:
C2:   5659 2013   !   4       com.android.dx.cf.code.BytecodeArray::parseInstruction (2764 bytes)


---------------  P R O C E S S  ---------------

Java Threads: ( => current thread )
  0x0000000016269000 JavaThread "pool-1-thread-4" [_thread_in_Java, id=3164, stack(0x0000000016990000,0x0000000016a90000)]
  0x0000000016168000 JavaThread "pool-1-thread-3" [_thread_in_Java, id=5972, stack(0x0000000016890000,0x0000000016990000)]
  0x0000000016167800 JavaThread "pool-1-thread-2" [_thread_blocked, id=4272, stack(0x0000000016790000,0x0000000016890000)]
  0x0000000016103000 JavaThread "pool-2-thread-1" [_thread_blocked, id=3048, stack(0x0000000016690000,0x0000000016790000)]
  0x0000000016102000 JavaThread "pool-1-thread-1" [_thread_in_Java, id=3840, stack(0x0000000016590000,0x0000000016690000)]
  0x0000000015f02000 JavaThread "Service Thread" daemon [_thread_blocked, id=3568, stack(0x0000000016390000,0x0000000016490000)]
  0x0000000015ea3800 JavaThread "C1 CompilerThread2" daemon [_thread_blocked, id=3168, stack(0x0000000016290000,0x0000000016390000)]
  0x00000000146ad800 JavaThread "C2 CompilerThread1" daemon [_thread_in_native, id=8096, stack(0x0000000015d90000,0x0000000015e90000)]
=>0x00000000146ab000 JavaThread "C2 CompilerThread0" daemon [_thread_in_native, id=4244, stack(0x0000000015c90000,0x0000000015d90000)]
  0x00000000146a8000 JavaThread "Attach Listener" daemon [_thread_blocked, id=4248, stack(0x0000000015b90000,0x0000000015c90000)]
  0x00000000146a7000 JavaThread "Signal Dispatcher" daemon [_thread_blocked, id=8732, stack(0x0000000015a90000,0x0000000015b90000)]
  0x000000001464a800 JavaThread "Finalizer" daemon [_thread_blocked, id=2424, stack(0x00000000158b0000,0x00000000159b0000)]
  0x0000000001f7f000 JavaThread "Reference Handler" daemon [_thread_blocked, id=2188, stack(0x00000000157b0000,0x00000000158b0000)]
  0x0000000001e90800 JavaThread "main" [_thread_in_Java, id=2836, stack(0x0000000001d90000,0x0000000001e90000)]

Other Threads:
  0x0000000014627800 VMThread [stack: 0x00000000156b0000,0x00000000157b0000] [id=8268]
  0x0000000015f45800 WatcherThread [stack: 0x0000000016490000,0x0000000016590000] [id=8660]

VM state:not at safepoint (normal execution)

VM Mutex/Monitor currently owned by a thread: None

Heap:
 PSYoungGen      total 75264K, used 61514K [0x00000000eab00000, 0x00000000f0000000, 0x0000000100000000)
  eden space 65024K, 78% used [0x00000000eab00000,0x00000000edd19368,0x00000000eea80000)
  from space 10240K, 99% used [0x00000000ef500000,0x00000000efef9640,0x00000000eff00000)
  to   space 10752K, 0% used [0x00000000eea80000,0x00000000eea80000,0x00000000ef500000)
 ParOldGen       total 44032K, used 31789K [0x00000000c0000000, 0x00000000c2b00000, 0x00000000eab00000)
  object space 44032K, 72% used [0x00000000c0000000,0x00000000c1f0b750,0x00000000c2b00000)
 Metaspace       used 6578K, capacity 7256K, committed 7424K, reserved 1056768K
  class space    used 628K, capacity 656K, committed 768K, reserved 1048576K

Card table byte_map: [0x0000000011350000,0x0000000011560000] byte_map_base: 0x0000000010d50000

Marking Bits: (ParMarkBitMap*) 0x0000000068800600
 Begin Bits: [0x0000000011ac0000, 0x0000000012ac0000)
 End Bits:   [0x0000000012ac0000, 0x0000000013ac0000)

Polling page: 0x0000000000580000

CodeCache: size=245760Kb used=7938Kb max_used=7947Kb free=237821Kb
 bounds [0x0000000001f90000, 0x0000000002760000, 0x0000000010f90000]
 total_blobs=2208 nmethods=1938 adapters=182
 compilation: enabled

Compilation events (10 events):
Event: 5.527 Thread 0x00000000146ab000 nmethod 1917 0x0000000002747050 code [0x0000000002747720, 0x000000000274d428]
Event: 5.527 Thread 0x00000000146ab000 2013   !   4       com.android.dx.cf.code.BytecodeArray::parseInstruction (2764 bytes)
Event: 5.574 Thread 0x0000000015ea3800 2018       2       com.android.dx.cf.code.Simulator::requiredArrayTypeFor (61 bytes)
Event: 5.575 Thread 0x0000000015ea3800 nmethod 2018 0x0000000002721cd0 code [0x0000000002721e80, 0x0000000002722178]
Event: 5.595 Thread 0x0000000015ea3800 2020       2       com.android.dx.ssa.MoveParamCombiner$1::visitNonMoveInsn (213 bytes)
Event: 5.597 Thread 0x0000000015ea3800 nmethod 2020 0x0000000002745d10 code [0x0000000002745f20, 0x0000000002746658]
Event: 5.608 Thread 0x00000000146ad800 nmethod 1992 0x0000000002755490 code [0x0000000002755700, 0x0000000002757808]
Event: 5.608 Thread 0x00000000146ad800 1931       4       com.android.dx.rop.code.LocalVariableExtractor::processBlock (327 bytes)
Event: 5.612 Thread 0x0000000015ea3800 2023       2       com.android.dx.ssa.back.RegisterAllocator::insertMoveBefore (240 bytes)
Event: 5.616 Thread 0x0000000015ea3800 nmethod 2023 0x0000000002743310 code [0x0000000002743620, 0x00000000027445c8]

GC Heap History (10 events):
Event: 2.808 GC heap before
{Heap before GC invocations=4 (full 0):
 PSYoungGen      total 18944K, used 18930K [0x00000000eab00000, 0x00000000ed000000, 0x0000000100000000)
  eden space 16384K, 100% used [0x00000000eab00000,0x00000000ebb00000,0x00000000ebb00000)
  from space 2560K, 99% used [0x00000000ebb00000,0x00000000ebd7c850,0x00000000ebd80000)
  to   space 2560K, 0% used [0x00000000ecd80000,0x00000000ecd80000,0x00000000ed000000)
 ParOldGen       total 44032K, used 5867K [0x00000000c0000000, 0x00000000c2b00000, 0x00000000eab00000)
  object space 44032K, 13% used [0x00000000c0000000,0x00000000c05baf78,0x00000000c2b00000)
 Metaspace       used 6233K, capacity 7094K, committed 7296K, reserved 1056768K
  class space    used 607K, capacity 622K, committed 640K, reserved 1048576K
Event: 2.845 GC heap after
Heap after GC invocations=4 (full 0):
 PSYoungGen      total 35328K, used 2530K [0x00000000eab00000, 0x00000000ed000000, 0x0000000100000000)
  eden space 32768K, 0% used [0x00000000eab00000,0x00000000eab00000,0x00000000ecb00000)
  from space 2560K, 98% used [0x00000000ecd80000,0x00000000ecff8860,0x00000000ed000000)
  to   space 2560K, 0% used [0x00000000ecb00000,0x00000000ecb00000,0x00000000ecd80000)
 ParOldGen       total 44032K, used 8608K [0x00000000c0000000, 0x00000000c2b00000, 0x00000000eab00000)
  object space 44032K, 19% used [0x00000000c0000000,0x00000000c0868108,0x00000000c2b00000)
 Metaspace       used 6233K, capacity 7094K, committed 7296K, reserved 1056768K
  class space    used 607K, capacity 622K, committed 640K, reserved 1048576K
}
Event: 3.294 GC heap before
{Heap before GC invocations=5 (full 0):
 PSYoungGen      total 35328K, used 35298K [0x00000000eab00000, 0x00000000ed000000, 0x0000000100000000)
  eden space 32768K, 100% used [0x00000000eab00000,0x00000000ecb00000,0x00000000ecb00000)
  from space 2560K, 98% used [0x00000000ecd80000,0x00000000ecff8860,0x00000000ed000000)
  to   space 2560K, 0% used [0x00000000ecb00000,0x00000000ecb00000,0x00000000ecd80000)
 ParOldGen       total 44032K, used 8608K [0x00000000c0000000, 0x00000000c2b00000, 0x00000000eab00000)
  object space 44032K, 19% used [0x00000000c0000000,0x00000000c0868108,0x00000000c2b00000)
 Metaspace       used 6303K, capacity 7158K, committed 7296K, reserved 1056768K
  class space    used 608K, capacity 622K, committed 640K, reserved 1048576K
Event: 3.337 GC heap after
Heap after GC invocations=5 (full 0):
 PSYoungGen      total 35328K, used 2546K [0x00000000eab00000, 0x00000000eff00000, 0x0000000100000000)
  eden space 32768K, 0% used [0x00000000eab00000,0x00000000eab00000,0x00000000ecb00000)
  from space 2560K, 99% used [0x00000000ecb00000,0x00000000ecd7c850,0x00000000ecd80000)
  to   space 10240K, 0% used [0x00000000ef500000,0x00000000ef500000,0x00000000eff00000)
 ParOldGen       total 44032K, used 14542K [0x00000000c0000000, 0x00000000c2b00000, 0x00000000eab00000)
  object space 44032K, 33% used [0x00000000c0000000,0x00000000c0e33810,0x00000000c2b00000)
 Metaspace       used 6303K, capacity 7158K, committed 7296K, reserved 1056768K
  class space    used 608K, capacity 622K, committed 640K, reserved 1048576K
}
Event: 3.574 GC heap before
{Heap before GC invocations=6 (full 0):
 PSYoungGen      total 35328K, used 35314K [0x00000000eab00000, 0x00000000eff00000, 0x0000000100000000)
  eden space 32768K, 100% used [0x00000000eab00000,0x00000000ecb00000,0x00000000ecb00000)
  from space 2560K, 99% used [0x00000000ecb00000,0x00000000ecd7c850,0x00000000ecd80000)
  to   space 10240K, 0% used [0x00000000ef500000,0x00000000ef500000,0x00000000eff00000)
 ParOldGen       total 44032K, used 14542K [0x00000000c0000000, 0x00000000c2b00000, 0x00000000eab00000)
  object space 44032K, 33% used [0x00000000c0000000,0x00000000c0e33810,0x00000000c2b00000)
 Metaspace       used 6352K, capacity 7158K, committed 7296K, reserved 1056768K
  class space    used 608K, capacity 622K, committed 640K, reserved 1048576K
Event: 3.610 GC heap after
Heap after GC invocations=6 (full 0):
 PSYoungGen      total 75264K, used 7949K [0x00000000eab00000, 0x00000000f0000000, 0x0000000100000000)
  eden space 65024K, 0% used [0x00000000eab00000,0x00000000eab00000,0x00000000eea80000)
  from space 10240K, 77% used [0x00000000ef500000,0x00000000efcc3470,0x00000000eff00000)
  to   space 10752K, 0% used [0x00000000eea80000,0x00000000eea80000,0x00000000ef500000)
 ParOldGen       total 44032K, used 14542K [0x00000000c0000000, 0x00000000c2b00000, 0x00000000eab00000)
  object space 44032K, 33% used [0x00000000c0000000,0x00000000c0e33810,0x00000000c2b00000)
 Metaspace       used 6352K, capacity 7158K, committed 7296K, reserved 1056768K
  class space    used 608K, capacity 622K, committed 640K, reserved 1048576K
}
Event: 4.236 GC heap before
{Heap before GC invocations=7 (full 0):
 PSYoungGen      total 75264K, used 72973K [0x00000000eab00000, 0x00000000f0000000, 0x0000000100000000)
  eden space 65024K, 100% used [0x00000000eab00000,0x00000000eea80000,0x00000000eea80000)
  from space 10240K, 77% used [0x00000000ef500000,0x00000000efcc3470,0x00000000eff00000)
  to   space 10752K, 0% used [0x00000000eea80000,0x00000000eea80000,0x00000000ef500000)
 ParOldGen       total 44032K, used 14542K [0x00000000c0000000, 0x00000000c2b00000, 0x00000000eab00000)
  object space 44032K, 33% used [0x00000000c0000000,0x00000000c0e33810,0x00000000c2b00000)
 Metaspace       used 6428K, capacity 7222K, committed 7296K, reserved 1056768K
  class space    used 608K, capacity 622K, committed 640K, reserved 1048576K
Event: 4.322 GC heap after
Heap after GC invocations=7 (full 0):
 PSYoungGen      total 75776K, used 10746K [0x00000000eab00000, 0x00000000f0000000, 0x0000000100000000)
  eden space 65024K, 0% used [0x00000000eab00000,0x00000000eab00000,0x00000000eea80000)
  from space 10752K, 99% used [0x00000000eea80000,0x00000000ef4fea60,0x00000000ef500000)
  to   space 10240K, 0% used [0x00000000ef500000,0x00000000ef500000,0x00000000eff00000)
 ParOldGen       total 44032K, used 20905K [0x00000000c0000000, 0x00000000c2b00000, 0x00000000eab00000)
  object space 44032K, 47% used [0x00000000c0000000,0x00000000c146a4f0,0x00000000c2b00000)
 Metaspace       used 6428K, capacity 7222K, committed 7296K, reserved 1056768K
  class space    used 608K, capacity 622K, committed 640K, reserved 1048576K
}
Event: 5.143 GC heap before
{Heap before GC invocations=8 (full 0):
 PSYoungGen      total 75776K, used 75770K [0x00000000eab00000, 0x00000000f0000000, 0x0000000100000000)
  eden space 65024K, 100% used [0x00000000eab00000,0x00000000eea80000,0x00000000eea80000)
  from space 10752K, 99% used [0x00000000eea80000,0x00000000ef4fea60,0x00000000ef500000)
  to   space 10240K, 0% used [0x00000000ef500000,0x00000000ef500000,0x00000000eff00000)
 ParOldGen       total 44032K, used 20905K [0x00000000c0000000, 0x00000000c2b00000, 0x00000000eab00000)
  object space 44032K, 47% used [0x00000000c0000000,0x00000000c146a4f0,0x00000000c2b00000)
 Metaspace       used 6472K, capacity 7222K, committed 7296K, reserved 1056768K
  class space    used 608K, capacity 622K, committed 640K, reserved 1048576K
Event: 5.226 GC heap after
Heap after GC invocations=8 (full 0):
 PSYoungGen      total 75264K, used 10213K [0x00000000eab00000, 0x00000000f0000000, 0x0000000100000000)
  eden space 65024K, 0% used [0x00000000eab00000,0x00000000eab00000,0x00000000eea80000)
  from space 10240K, 99% used [0x00000000ef500000,0x00000000efef9640,0x00000000eff00000)
  to   space 10752K, 0% used [0x00000000eea80000,0x00000000eea80000,0x00000000ef500000)
 ParOldGen       total 44032K, used 31789K [0x00000000c0000000, 0x00000000c2b00000, 0x00000000eab00000)
  object space 44032K, 72% used [0x00000000c0000000,0x00000000c1f0b750,0x00000000c2b00000)
 Metaspace       used 6472K, capacity 7222K, committed 7296K, reserved 1056768K
  class space    used 608K, capacity 622K, committed 640K, reserved 1048576K
}

Deoptimization events (10 events):
Event: 3.742 Thread 0x0000000016167800 Uncommon trap: reason=bimorphic action=maybe_recompile pc=0x00000000025849c4 method=com.android.dx.cf.code.BytecodeArray.parseInstruction(ILcom/android/dx/cf/code/BytecodeArray$Visitor;)I @ 1501
Event: 3.744 Thread 0x0000000016167800 Uncommon trap: reason=bimorphic action=maybe_recompile pc=0x00000000025849c4 method=com.android.dx.cf.code.BytecodeArray.parseInstruction(ILcom/android/dx/cf/code/BytecodeArray$Visitor;)I @ 1501
Event: 4.025 Thread 0x0000000001e90800 Uncommon trap: reason=unloaded action=reinterpret pc=0x00000000025ba7c0 method=com.android.dx.cf.cst.ConstantPoolParser.parse0(ILjava/util/BitSet;)Lcom/android/dx/rop/cst/Constant; @ 220
Event: 4.044 Thread 0x0000000016269000 Uncommon trap: reason=unstable_if action=reinterpret pc=0x00000000025f47a8 method=com.android.dx.ssa.SCCP.simulateBranch(Lcom/android/dx/ssa/SsaInsn;)V @ 548
Event: 4.053 Thread 0x0000000016269000 Uncommon trap: reason=class_check action=maybe_recompile pc=0x0000000002349904 method=java.util.HashMap.putVal(ILjava/lang/Object;Ljava/lang/Object;ZZ)Ljava/lang/Object; @ 203
Event: 5.401 Thread 0x0000000016269000 Uncommon trap: reason=unstable_if action=reinterpret pc=0x00000000022a211c method=java.util.HashMap.putVal(ILjava/lang/Object;Ljava/lang/Object;ZZ)Ljava/lang/Object; @ 162
Event: 5.421 Thread 0x0000000016102000 Uncommon trap: reason=bimorphic action=maybe_recompile pc=0x00000000026c2680 method=com.android.dx.cf.code.BytecodeArray.parseInstruction(ILcom/android/dx/cf/code/BytecodeArray$Visitor;)I @ 1161
Event: 5.421 Thread 0x0000000016102000 Uncommon trap: reason=bimorphic action=maybe_recompile pc=0x00000000026c2680 method=com.android.dx.cf.code.BytecodeArray.parseInstruction(ILcom/android/dx/cf/code/BytecodeArray$Visitor;)I @ 1161
Event: 5.472 Thread 0x0000000016167800 Uncommon trap: reason=unstable_if action=reinterpret pc=0x0000000002577398 method=java.util.HashMap.getNode(ILjava/lang/Object;)Ljava/util/HashMap$Node; @ 84
Event: 5.594 Thread 0x0000000016168000 Uncommon trap: reason=unstable_if action=reinterpret pc=0x00000000026a8154 method=com.android.dx.ssa.MoveParamCombiner$1.visitNonMoveInsn(Lcom/android/dx/ssa/NormalSsaInsn;)V @ 27

Internal exceptions (6 events):
Event: 0.733 Thread 0x0000000001e90800 Exception <a 'java/lang/NoSuchMethodError': Method sun.misc.Unsafe.defineClass(Ljava/lang/String;[BII)Ljava/lang/Class; name or signature does not match> (0x00000000eab07cc0) thrown at [D:\re\workspace\8-2-build-windows-amd64-cygwin\jdk8u77\6540\hotspot\sr£†y2uç?
Event: 0.733 Thread 0x0000000001e90800 Exception <a 'java/lang/NoSuchMethodError': Method sun.misc.Unsafe.prefetchRead(Ljava/lang/Object;J)V name or signature does not match> (0x00000000eab07fa8) thrown at [D:\re\workspace\8-2-build-windows-amd64-cygwin\jdk8u77\6540\hotspot\src\share\vm\prims\jvñÔeÉþý?
Event: 1.875 Thread 0x0000000001e90800 Implicit null exception at 0x00000000022909e2 to 0x0000000002290ae9
Event: 5.404 Thread 0x0000000016269000 Exception <a 'java/lang/ArrayIndexOutOfBoundsException': 18> (0x00000000ec0ca4c8) thrown at [D:\re\workspace\8-2-build-windows-amd64-cygwin\jdk8u77\6540\hotspot\src\share\vm\interpreter\interpreterRuntime.cpp, line 366]
Event: 5.405 Thread 0x0000000016269000 Exception <a 'java/lang/ArrayIndexOutOfBoundsException'> (0x00000000ec0cc048) thrown at [D:\re\workspace\8-2-build-windows-amd64-cygwin\jdk8u77\6540\hotspot\src\share\vm\runtime\sharedRuntime.cpp, line 605]
Event: 5.406 Thread 0x0000000016269000 Exception <a 'java/lang/ArrayIndexOutOfBoundsException'> (0x00000000ec0cd330) thrown at [D:\re\workspace\8-2-build-windows-amd64-cygwin\jdk8u77\6540\hotspot\src\share\vm\runtime\sharedRuntime.cpp, line 605]

Events (10 events):
Event: 5.421 Thread 0x0000000016102000 DEOPT UNPACKING pc=0x0000000001fd582a sp=0x000000001668e688 mode 2
Event: 5.421 Thread 0x0000000016102000 Uncommon trap: trap_request=0xffffffc6 fr.pc=0x00000000026c2680
Event: 5.421 Thread 0x0000000016102000 DEOPT PACKING pc=0x00000000026c2680 sp=0x000000001668e510
Event: 5.421 Thread 0x0000000016102000 DEOPT UNPACKING pc=0x0000000001fd582a sp=0x000000001668e4d8 mode 2
Event: 5.472 Thread 0x0000000016167800 Uncommon trap: trap_request=0xffffff65 fr.pc=0x0000000002577398
Event: 5.472 Thread 0x0000000016167800 DEOPT PACKING pc=0x0000000002577398 sp=0x000000001688e5d0
Event: 5.472 Thread 0x0000000016167800 DEOPT UNPACKING pc=0x0000000001fd582a sp=0x000000001688e548 mode 2
Event: 5.594 Thread 0x0000000016168000 Uncommon trap: trap_request=0xffffff65 fr.pc=0x00000000026a8154
Event: 5.594 Thread 0x0000000016168000 DEOPT PACKING pc=0x00000000026a8154 sp=0x000000001698eaf0
Event: 5.594 Thread 0x0000000016168000 DEOPT UNPACKING pc=0x0000000001fd582a sp=0x000000001698ea48 mode 2


Dynamic libraries:
0x00007ff6c5c50000 - 0x00007ff6c5c87000 	C:\Program Files\Java\jdk1.8.0_77\bin\java.exe
0x00007ffde11a0000 - 0x00007ffde134d000 	C:\Windows\SYSTEM32\ntdll.dll
0x00007ffde0560000 - 0x00007ffde069e000 	C:\Windows\system32\KERNEL32.DLL
0x00007ffdde3a0000 - 0x00007ffdde4b5000 	C:\Windows\system32\KERNELBASE.dll
0x00007ffddce80000 - 0x00007ffddcf0e000 	C:\Windows\system32\apphelp.dll
0x00007ffdcfe90000 - 0x00007ffdcfee3000 	C:\Windows\AppPatch\AppPatch64\AcGenral.DLL
0x00007ffde0430000 - 0x00007ffde04da000 	C:\Windows\system32\msvcrt.dll
0x00007ffdde6a0000 - 0x00007ffdde6ce000 	C:\Windows\system32\SspiCli.dll
0x00007ffde06b0000 - 0x00007ffde0704000 	C:\Windows\system32\SHLWAPI.dll
0x00007ffde09a0000 - 0x00007ffde0b17000 	C:\Windows\system32\USER32.dll
0x00007ffde00e0000 - 0x00007ffde0274000 	C:\Windows\system32\ole32.dll
0x00007ffdde830000 - 0x00007ffddfd5a000 	C:\Windows\system32\SHELL32.dll
0x00007ffddd8a0000 - 0x00007ffddd8c1000 	C:\Windows\SYSTEM32\USERENV.dll
0x00007ffde0ed0000 - 0x00007ffde0f7a000 	C:\Windows\system32\ADVAPI32.dll
0x00007ffdceb70000 - 0x00007ffdceb8e000 	C:\Windows\SYSTEM32\MPR.dll
0x00007ffddfeb0000 - 0x00007ffddfff0000 	C:\Windows\system32\RPCRT4.dll
0x00007ffde0500000 - 0x00007ffde0559000 	C:\Windows\SYSTEM32\sechost.dll
0x00007ffde0f80000 - 0x00007ffde1191000 	C:\Windows\SYSTEM32\combase.dll
0x00007ffddfd60000 - 0x00007ffddfeb0000 	C:\Windows\system32\GDI32.dll
0x00007ffdde2d0000 - 0x00007ffdde2e5000 	C:\Windows\SYSTEM32\profapi.dll
0x00007ffddc850000 - 0x00007ffddc902000 	C:\Windows\SYSTEM32\SHCORE.dll
0x00007ffde0960000 - 0x00007ffde0996000 	C:\Windows\system32\IMM32.DLL
0x00007ffde0d70000 - 0x00007ffde0ec2000 	C:\Windows\system32\MSCTF.dll
0x00007ffddc3c0000 - 0x00007ffddc63b000 	C:\Windows\WinSxS\amd64_microsoft.windows.common-controls_6595b64144ccf1df_6.0.9600.18006_none_623f33d3ecbe86e8\COMCTL32.dll
0x0000000067b00000 - 0x0000000067bd2000 	C:\Program Files\Java\jdk1.8.0_77\jre\bin\msvcr100.dll
0x0000000067ff0000 - 0x0000000068880000 	C:\Program Files\Java\jdk1.8.0_77\jre\bin\server\jvm.dll
0x00007ffdd4f50000 - 0x00007ffdd4f59000 	C:\Windows\SYSTEM32\WSOCK32.dll
0x00007ffddbea0000 - 0x00007ffddbec2000 	C:\Windows\SYSTEM32\WINMM.dll
0x00007ffddc670000 - 0x00007ffddc67a000 	C:\Windows\SYSTEM32\VERSION.dll
0x00007ffde06a0000 - 0x00007ffde06a7000 	C:\Windows\system32\PSAPI.DLL
0x00007ffde0b80000 - 0x00007ffde0bda000 	C:\Windows\system32\WS2_32.dll
0x00007ffddbe30000 - 0x00007ffddbe5a000 	C:\Windows\SYSTEM32\WINMMBASE.dll
0x00007ffde0000000 - 0x00007ffde0009000 	C:\Windows\system32\NSI.dll
0x00007ffdde7e0000 - 0x00007ffdde82f000 	C:\Windows\SYSTEM32\cfgmgr32.dll
0x00007ffddd100000 - 0x00007ffddd128000 	C:\Windows\SYSTEM32\DEVOBJ.dll
0x0000000068bf0000 - 0x0000000068bff000 	C:\Program Files\Java\jdk1.8.0_77\jre\bin\verify.dll
0x0000000068bc0000 - 0x0000000068be9000 	C:\Program Files\Java\jdk1.8.0_77\jre\bin\java.dll
0x0000000068ba0000 - 0x0000000068bb6000 	C:\Program Files\Java\jdk1.8.0_77\jre\bin\zip.dll

VM Arguments:
jvm_args: -Djava.awt.headless=true -Xmx1024M -Dfile.encoding=x-windows-874 -Duser.country=US -Duser.language=en -Duser.variant 
java_command: com.android.dx.command.Main --dex --num-threads=4 --output C:\Users\Ao\Desktop\aaaaaaaaaaa\Samnaun\app\build\intermediates\pre-dexed\debug\com.android.support-support-v4-23.2.1_00068917edd9c215aeee0bd00f6342ace3e60321.jar C:\Users\Ao\Desktop\aaaaaaaaaaa\Samnaun\app\build\intermediates\exploded-aar\com.android.support\support-v4\23.2.1\jars\classes.jar
java_class_path (initial): C:\Users\Ao\AppData\Local\Android\sdk\build-tools\23.0.3\lib\dx.jar
Launcher Type: SUN_STANDARD

Environment Variables:
CLASSPATH=.;C:\Program Files (x86)\Java\jre1.8.0_73\lib\ext\QTJava.zip;C:\Program Files\Common Files\Intel\WirelessCommon\;C:\Program Files\Android\Android Studio\bin;E:\Program\eclipes
PATH=C:\Windows\System32;C:\Program Files\Intel\WiFi\bin\;C:\Program Files\Common Files\Intel\WirelessCommon\;C:\Program Files\Android\Android Studio\bin;C:\Program Files\Java\jdk1.8.0_77\bin;C:\Program Files\MongoDB\Server\3.2\bin
USERNAME=Ao
OS=Windows_NT
PROCESSOR_IDENTIFIER=Intel64 Family 6 Model 69 Stepping 1, GenuineIntel



---------------  S Y S T E M  ---------------

OS: Windows 8.1 , 64 bit Build 9600 (6.3.9600.17415)

CPU:total 4 (2 cores per cpu, 2 threads per core) family 6 model 69 stepping 1, cmov, cx8, fxsr, mmx, sse, sse2, sse3, ssse3, sse4.1, sse4.2, popcnt, avx, avx2, aes, clmul, erms, lzcnt, ht, tsc, tscinvbit, bmi1, bmi2

Memory: 4k page, physical 4108572k(164716k free), swap 7254300k(5352k free)

vm_info: Java HotSpot(TM) 64-Bit Server VM (25.77-b03) for windows-amd64 JRE (1.8.0_77-b03), built on Mar 20 2016 22:01:33 by "java_re" with MS VC++ 10.0 (VS2010)

time: Thu May 19 14:45:20 2016
elapsed time: 5 seconds (0d 0h 0m 5s)

